{"/home/travis/build/npmtest/node-npmtest-printf/test.js":{"path":"/home/travis/build/npmtest/node-npmtest-printf/test.js","s":{"1":2,"2":2,"3":2,"4":2,"5":2,"6":2,"7":2,"8":1,"9":2,"10":2,"11":1,"12":1,"13":1,"14":1,"15":2,"16":2,"17":2,"18":2,"19":1,"20":1,"21":2,"22":2,"23":2,"24":1,"25":1,"26":1,"27":1,"28":1,"29":1,"30":1,"31":1,"32":1,"33":1,"34":1,"35":1,"36":1,"37":1,"38":1,"39":2,"40":2,"41":1,"42":2,"43":2,"44":1,"45":2,"46":2,"47":1,"48":2,"49":2,"50":1,"51":1,"52":1,"53":1,"54":1},"b":{"1":[2,1,1,1],"2":[1,1,1,1],"3":[1,1],"4":[1,1],"5":[1,1],"6":[1,1],"7":[1,1],"8":[1,1],"9":[1,1],"10":[1,1,1],"11":[1,1],"12":[1,1],"13":[1,1],"14":[1,1],"15":[1,1],"16":[1,1],"17":[1,1]},"f":{"1":2,"2":2,"3":2,"4":2,"5":2,"6":1,"7":1,"8":1,"9":2,"10":2,"11":2,"12":2,"13":1},"fnMap":{"1":{"name":"(anonymous_1)","line":12,"loc":{"start":{"line":12,"column":1},"end":{"line":12,"column":13}}},"2":{"name":"(anonymous_2)","line":19,"loc":{"start":{"line":19,"column":5},"end":{"line":19,"column":17}}},"3":{"name":"(anonymous_3)","line":23,"loc":{"start":{"line":23,"column":24},"end":{"line":23,"column":36}}},"4":{"name":"(anonymous_4)","line":61,"loc":{"start":{"line":61,"column":5},"end":{"line":61,"column":17}}},"5":{"name":"(anonymous_5)","line":82,"loc":{"start":{"line":82,"column":5},"end":{"line":82,"column":17}}},"6":{"name":"(anonymous_6)","line":91,"loc":{"start":{"line":91,"column":77},"end":{"line":94,"column":10}}},"7":{"name":"(anonymous_7)","line":112,"loc":{"start":{"line":112,"column":83},"end":{"line":115,"column":10}},"skip":true},"8":{"name":"(anonymous_8)","line":123,"loc":{"start":{"line":123,"column":77},"end":{"line":126,"column":10}},"skip":true},"9":{"name":"(anonymous_9)","line":139,"loc":{"start":{"line":139,"column":12},"end":{"line":139,"column":40}},"skip":true},"10":{"name":"(anonymous_10)","line":147,"loc":{"start":{"line":147,"column":77},"end":{"line":150,"column":10}},"skip":true},"11":{"name":"(anonymous_11)","line":158,"loc":{"start":{"line":158,"column":83},"end":{"line":161,"column":10}},"skip":true},"12":{"name":"(anonymous_12)","line":169,"loc":{"start":{"line":169,"column":79},"end":{"line":172,"column":10}},"skip":true},"13":{"name":"(anonymous_13)","line":180,"loc":{"start":{"line":180,"column":75},"end":{"line":183,"column":10}},"skip":true}},"statementMap":{"1":{"start":{"line":12,"column":0},"end":{"line":195,"column":5}},"2":{"start":{"line":14,"column":4},"end":{"line":14,"column":14}},"3":{"start":{"line":19,"column":4},"end":{"line":56,"column":9}},"4":{"start":{"line":21,"column":8},"end":{"line":21,"column":19}},"5":{"start":{"line":23,"column":8},"end":{"line":35,"column":13}},"6":{"start":{"line":24,"column":12},"end":{"line":34,"column":13}},"7":{"start":{"line":25,"column":16},"end":{"line":28,"column":30}},"8":{"start":{"line":30,"column":16},"end":{"line":33,"column":27}},"9":{"start":{"line":37,"column":8},"end":{"line":39,"column":21}},"10":{"start":{"line":40,"column":8},"end":{"line":53,"column":9}},"11":{"start":{"line":43,"column":12},"end":{"line":46,"column":14}},"12":{"start":{"line":47,"column":12},"end":{"line":47,"column":18}},"13":{"start":{"line":50,"column":12},"end":{"line":51,"column":33}},"14":{"start":{"line":52,"column":12},"end":{"line":52,"column":18}},"15":{"start":{"line":55,"column":8},"end":{"line":55,"column":35}},"16":{"start":{"line":61,"column":4},"end":{"line":63,"column":9}},"17":{"start":{"line":62,"column":8},"end":{"line":62,"column":15}},"18":{"start":{"line":64,"column":4},"end":{"line":77,"column":5}},"19":{"start":{"line":70,"column":8},"end":{"line":70,"column":14}},"20":{"start":{"line":76,"column":8},"end":{"line":76,"column":14}},"21":{"start":{"line":82,"column":4},"end":{"line":84,"column":9}},"22":{"start":{"line":83,"column":8},"end":{"line":83,"column":15}},"23":{"start":{"line":85,"column":4},"end":{"line":194,"column":5}},"24":{"start":{"line":91,"column":8},"end":{"line":99,"column":10}},"25":{"start":{"line":98,"column":12},"end":{"line":98,"column":35}},"26":{"start":{"line":102,"column":8},"end":{"line":104,"column":63}},"27":{"start":{"line":105,"column":8},"end":{"line":105,"column":14}},"28":{"start":{"line":112,"column":8},"end":{"line":121,"column":10},"skip":true},"29":{"start":{"line":119,"column":12},"end":{"line":119,"column":55},"skip":true},"30":{"start":{"line":120,"column":12},"end":{"line":120,"column":48},"skip":true},"31":{"start":{"line":123,"column":8},"end":{"line":136,"column":10},"skip":true},"32":{"start":{"line":130,"column":12},"end":{"line":130,"column":76},"skip":true},"33":{"start":{"line":131,"column":12},"end":{"line":131,"column":73},"skip":true},"34":{"start":{"line":132,"column":12},"end":{"line":132,"column":74},"skip":true},"35":{"start":{"line":133,"column":12},"end":{"line":133,"column":79},"skip":true},"36":{"start":{"line":134,"column":12},"end":{"line":134,"column":25},"skip":true},"37":{"start":{"line":135,"column":12},"end":{"line":135,"column":45},"skip":true},"38":{"start":{"line":138,"column":8},"end":{"line":145,"column":14},"skip":true},"39":{"start":{"line":143,"column":16},"end":{"line":143,"column":29},"skip":true},"40":{"start":{"line":144,"column":16},"end":{"line":144,"column":55},"skip":true},"41":{"start":{"line":147,"column":8},"end":{"line":156,"column":10},"skip":true},"42":{"start":{"line":154,"column":12},"end":{"line":154,"column":25},"skip":true},"43":{"start":{"line":155,"column":12},"end":{"line":155,"column":45},"skip":true},"44":{"start":{"line":158,"column":8},"end":{"line":167,"column":10},"skip":true},"45":{"start":{"line":165,"column":12},"end":{"line":165,"column":25},"skip":true},"46":{"start":{"line":166,"column":12},"end":{"line":166,"column":48},"skip":true},"47":{"start":{"line":169,"column":8},"end":{"line":178,"column":10},"skip":true},"48":{"start":{"line":176,"column":12},"end":{"line":176,"column":25},"skip":true},"49":{"start":{"line":177,"column":12},"end":{"line":177,"column":46},"skip":true},"50":{"start":{"line":180,"column":8},"end":{"line":189,"column":10},"skip":true},"51":{"start":{"line":187,"column":12},"end":{"line":187,"column":94},"skip":true},"52":{"start":{"line":188,"column":12},"end":{"line":188,"column":48},"skip":true},"53":{"start":{"line":192,"column":8},"end":{"line":192,"column":35},"skip":true},"54":{"start":{"line":193,"column":8},"end":{"line":193,"column":14},"skip":true}},"branchMap":{"1":{"line":25,"type":"binary-expr","locations":[{"start":{"line":25,"column":23},"end":{"line":25,"column":62}},{"start":{"line":26,"column":20},"end":{"line":26,"column":70}},{"start":{"line":27,"column":20},"end":{"line":27,"column":71}},{"start":{"line":28,"column":20},"end":{"line":28,"column":29}}]},"2":{"line":30,"type":"binary-expr","locations":[{"start":{"line":30,"column":23},"end":{"line":30,"column":37}},{"start":{"line":31,"column":20},"end":{"line":31,"column":61}},{"start":{"line":32,"column":20},"end":{"line":32,"column":70}},{"start":{"line":33,"column":20},"end":{"line":33,"column":26}}]},"3":{"line":37,"type":"cond-expr","locations":[{"start":{"line":38,"column":14},"end":{"line":38,"column":20}},{"start":{"line":39,"column":14},"end":{"line":39,"column":20}}]},"4":{"line":40,"type":"switch","locations":[{"start":{"line":42,"column":8},"end":{"line":47,"column":18}},{"start":{"line":49,"column":8},"end":{"line":52,"column":18}}]},"5":{"line":44,"type":"binary-expr","locations":[{"start":{"line":44,"column":16},"end":{"line":44,"column":44}},{"start":{"line":44,"column":48},"end":{"line":44,"column":66}}]},"6":{"line":50,"type":"binary-expr","locations":[{"start":{"line":50,"column":21},"end":{"line":50,"column":49}},{"start":{"line":50,"column":53},"end":{"line":50,"column":72}}]},"7":{"line":64,"type":"switch","locations":[{"start":{"line":69,"column":4},"end":{"line":70,"column":14}},{"start":{"line":75,"column":4},"end":{"line":76,"column":14}}]},"8":{"line":85,"type":"switch","locations":[{"start":{"line":90,"column":4},"end":{"line":105,"column":14}},{"start":{"line":111,"column":4},"end":{"line":193,"column":14},"skip":true}]},"9":{"line":91,"type":"binary-expr","locations":[{"start":{"line":91,"column":42},"end":{"line":91,"column":73}},{"start":{"line":91,"column":77},"end":{"line":99,"column":9}}]},"10":{"line":102,"type":"binary-expr","locations":[{"start":{"line":102,"column":18},"end":{"line":102,"column":32}},{"start":{"line":103,"column":12},"end":{"line":103,"column":53}},{"start":{"line":104,"column":12},"end":{"line":104,"column":61}}]},"11":{"line":112,"type":"binary-expr","locations":[{"start":{"line":112,"column":45},"end":{"line":112,"column":79},"skip":true},{"start":{"line":112,"column":83},"end":{"line":121,"column":9},"skip":true}]},"12":{"line":123,"type":"binary-expr","locations":[{"start":{"line":123,"column":42},"end":{"line":123,"column":73},"skip":true},{"start":{"line":123,"column":77},"end":{"line":136,"column":9},"skip":true}]},"13":{"line":138,"type":"binary-expr","locations":[{"start":{"line":138,"column":48},"end":{"line":138,"column":85},"skip":true},{"start":{"line":139,"column":12},"end":{"line":145,"column":13},"skip":true}]},"14":{"line":147,"type":"binary-expr","locations":[{"start":{"line":147,"column":42},"end":{"line":147,"column":73},"skip":true},{"start":{"line":147,"column":77},"end":{"line":156,"column":9},"skip":true}]},"15":{"line":158,"type":"binary-expr","locations":[{"start":{"line":158,"column":45},"end":{"line":158,"column":79},"skip":true},{"start":{"line":158,"column":83},"end":{"line":167,"column":9},"skip":true}]},"16":{"line":169,"type":"binary-expr","locations":[{"start":{"line":169,"column":43},"end":{"line":169,"column":75},"skip":true},{"start":{"line":169,"column":79},"end":{"line":178,"column":9},"skip":true}]},"17":{"line":180,"type":"binary-expr","locations":[{"start":{"line":180,"column":41},"end":{"line":180,"column":71},"skip":true},{"start":{"line":180,"column":75},"end":{"line":189,"column":9},"skip":true}]}},"code":["/* istanbul instrument in package npmtest_printf */","/*jslint","    bitwise: true,","    browser: true,","    maxerr: 8,","    maxlen: 96,","    node: true,","    nomen: true,","    regexp: true,","    stupid: true","*/","(function () {","    'use strict';","    var local;","","","","    // run shared js-env code - init-before","    (function () {","        // init local","        local = {};","        // init modeJs","        local.modeJs = (function () {","            try {","                return typeof navigator.userAgent === 'string' &&","                    typeof document.querySelector('body') === 'object' &&","                    typeof XMLHttpRequest.prototype.open === 'function' &&","                    'browser';","            } catch (errorCaughtBrowser) {","                return module.exports &&","                    typeof process.versions.node === 'string' &&","                    typeof require('http').createServer === 'function' &&","                    'node';","            }","        }());","        // init global","        local.global = local.modeJs === 'browser'","            ? window","            : global;","        switch (local.modeJs) {","        // re-init local from window.local","        case 'browser':","            local = local.global.utility2.objectSetDefault(","                local.global.utility2_rollup || local.global.local,","                local.global.utility2","            );","            break;","        // re-init local from example.js","        case 'node':","            local = (local.global.utility2_rollup || require('utility2'))","                .requireReadme();","            break;","        }","        // export local","        local.global.local = local;","    }());","","","","    // run shared js-env code - function","    (function () {","        return;","    }());","    switch (local.modeJs) {","","","","    // run browser js-env code - function","    case 'browser':","        break;","","","","    // run node js-env code - function","    case 'node':","        break;","    }","","","","    // run shared js-env code - init-after","    (function () {","        return;","    }());","    switch (local.modeJs) {","","","","    // run browser js-env code - init-after","    case 'browser':","        local.testCase_browser_nullCase = local.testCase_browser_nullCase || function (","            options,","            onError","        ) {","        /*","         * this function will test browsers's null-case handling-behavior-behavior","         */","            onError(null, options);","        };","","        // run tests","        local.nop(local.modeTest &&","            document.querySelector('#testRunButton1') &&","            document.querySelector('#testRunButton1').click());","        break;","","","","    // run node js-env code - init-after","    /* istanbul ignore next */","    case 'node':","        local.testCase_buildApidoc_default = local.testCase_buildApidoc_default || function (","            options,","            onError","        ) {","        /*","         * this function will test buildApidoc's default handling-behavior-behavior","         */","            options = { modulePathList: module.paths };","            local.buildApidoc(options, onError);","        };","","        local.testCase_buildApp_default = local.testCase_buildApp_default || function (","            options,","            onError","        ) {","        /*","         * this function will test buildApp's default handling-behavior-behavior","         */","            local.testCase_buildReadme_default(options, local.onErrorThrow);","            local.testCase_buildLib_default(options, local.onErrorThrow);","            local.testCase_buildTest_default(options, local.onErrorThrow);","            local.testCase_buildCustomOrg_default(options, local.onErrorThrow);","            options = [];","            local.buildApp(options, onError);","        };","","        local.testCase_buildCustomOrg_default = local.testCase_buildCustomOrg_default ||","            function (options, onError) {","            /*","             * this function will test buildCustomOrg's default handling-behavior","             */","                options = {};","                local.buildCustomOrg(options, onError);","            };","","        local.testCase_buildLib_default = local.testCase_buildLib_default || function (","            options,","            onError","        ) {","        /*","         * this function will test buildLib's default handling-behavior","         */","            options = {};","            local.buildLib(options, onError);","        };","","        local.testCase_buildReadme_default = local.testCase_buildReadme_default || function (","            options,","            onError","        ) {","        /*","         * this function will test buildReadme's default handling-behavior-behavior","         */","            options = {};","            local.buildReadme(options, onError);","        };","","        local.testCase_buildTest_default = local.testCase_buildTest_default || function (","            options,","            onError","        ) {","        /*","         * this function will test buildTest's default handling-behavior","         */","            options = {};","            local.buildTest(options, onError);","        };","","        local.testCase_webpage_default = local.testCase_webpage_default || function (","            options,","            onError","        ) {","        /*","         * this function will test webpage's default handling-behavior","         */","            options = { modeCoverageMerge: true, url: local.serverLocalHost + '?modeTest=1' };","            local.browserTest(options, onError);","        };","","        // run test-server","        local.testRunServer(local);","        break;","    }","}());",""],"l":{"12":2,"14":2,"19":2,"21":2,"23":2,"24":2,"25":2,"30":1,"37":2,"40":2,"43":1,"47":1,"50":1,"52":1,"55":2,"61":2,"62":2,"64":2,"70":1,"76":1,"82":2,"83":2,"85":2,"91":1,"98":1,"102":1,"105":1,"112":1,"119":1,"120":1,"123":1,"130":1,"131":1,"132":1,"133":1,"134":1,"135":1,"138":1,"143":2,"144":2,"147":1,"154":2,"155":2,"158":1,"165":2,"166":2,"169":1,"176":2,"177":2,"180":1,"187":1,"188":1,"192":1,"193":1}},"/home/travis/build/npmtest/node-npmtest-printf/lib.npmtest_printf.js":{"path":"/home/travis/build/npmtest/node-npmtest-printf/lib.npmtest_printf.js","s":{"1":2,"2":2,"3":2,"4":2,"5":2,"6":2,"7":2,"8":1,"9":2,"10":2,"11":2,"12":2,"13":1,"14":1,"15":1,"16":1},"b":{"1":[2,1,1,1],"2":[1,1,1,1],"3":[1,1],"4":[2,2],"5":[1,1]},"f":{"1":2,"2":2,"3":2},"fnMap":{"1":{"name":"(anonymous_1)","line":12,"loc":{"start":{"line":12,"column":1},"end":{"line":12,"column":13}}},"2":{"name":"(anonymous_2)","line":19,"loc":{"start":{"line":19,"column":5},"end":{"line":19,"column":17}}},"3":{"name":"(anonymous_3)","line":23,"loc":{"start":{"line":23,"column":24},"end":{"line":23,"column":36}}}},"statementMap":{"1":{"start":{"line":12,"column":0},"end":{"line":53,"column":5}},"2":{"start":{"line":14,"column":4},"end":{"line":14,"column":14}},"3":{"start":{"line":19,"column":4},"end":{"line":52,"column":9}},"4":{"start":{"line":21,"column":8},"end":{"line":21,"column":19}},"5":{"start":{"line":23,"column":8},"end":{"line":35,"column":13}},"6":{"start":{"line":24,"column":12},"end":{"line":34,"column":13}},"7":{"start":{"line":25,"column":16},"end":{"line":28,"column":30}},"8":{"start":{"line":30,"column":16},"end":{"line":33,"column":27}},"9":{"start":{"line":37,"column":8},"end":{"line":39,"column":21}},"10":{"start":{"line":41,"column":8},"end":{"line":41,"column":54}},"11":{"start":{"line":43,"column":8},"end":{"line":43,"column":51}},"12":{"start":{"line":45,"column":8},"end":{"line":51,"column":9}},"13":{"start":{"line":46,"column":12},"end":{"line":46,"column":57}},"14":{"start":{"line":48,"column":12},"end":{"line":48,"column":35}},"15":{"start":{"line":49,"column":12},"end":{"line":49,"column":49}},"16":{"start":{"line":50,"column":12},"end":{"line":50,"column":43}}},"branchMap":{"1":{"line":25,"type":"binary-expr","locations":[{"start":{"line":25,"column":23},"end":{"line":25,"column":62}},{"start":{"line":26,"column":20},"end":{"line":26,"column":70}},{"start":{"line":27,"column":20},"end":{"line":27,"column":71}},{"start":{"line":28,"column":20},"end":{"line":28,"column":29}}]},"2":{"line":30,"type":"binary-expr","locations":[{"start":{"line":30,"column":23},"end":{"line":30,"column":37}},{"start":{"line":31,"column":20},"end":{"line":31,"column":61}},{"start":{"line":32,"column":20},"end":{"line":32,"column":70}},{"start":{"line":33,"column":20},"end":{"line":33,"column":26}}]},"3":{"line":37,"type":"cond-expr","locations":[{"start":{"line":38,"column":14},"end":{"line":38,"column":20}},{"start":{"line":39,"column":14},"end":{"line":39,"column":20}}]},"4":{"line":41,"type":"binary-expr","locations":[{"start":{"line":41,"column":16},"end":{"line":41,"column":44}},{"start":{"line":41,"column":48},"end":{"line":41,"column":53}}]},"5":{"line":45,"type":"if","locations":[{"start":{"line":45,"column":8},"end":{"line":45,"column":8}},{"start":{"line":45,"column":8},"end":{"line":45,"column":8}}]}},"code":["/* istanbul instrument in package npmtest_printf */","/*jslint","    bitwise: true,","    browser: true,","    maxerr: 8,","    maxlen: 96,","    node: true,","    nomen: true,","    regexp: true,","    stupid: true","*/","(function () {","    'use strict';","    var local;","","","","    // run shared js-env code - init-before","    (function () {","        // init local","        local = {};","        // init modeJs","        local.modeJs = (function () {","            try {","                return typeof navigator.userAgent === 'string' &&","                    typeof document.querySelector('body') === 'object' &&","                    typeof XMLHttpRequest.prototype.open === 'function' &&","                    'browser';","            } catch (errorCaughtBrowser) {","                return module.exports &&","                    typeof process.versions.node === 'string' &&","                    typeof require('http').createServer === 'function' &&","                    'node';","            }","        }());","        // init global","        local.global = local.modeJs === 'browser'","            ? window","            : global;","        // init utility2_rollup","        local = local.global.utility2_rollup || local;","        // init lib","        local.local = local.npmtest_printf = local;","        // init exports","        if (local.modeJs === 'browser') {","            local.global.utility2_npmtest_printf = local;","        } else {","            module.exports = local;","            module.exports.__dirname = __dirname;","            module.exports.module = module;","        }","    }());","}());",""],"l":{"12":2,"14":2,"19":2,"21":2,"23":2,"24":2,"25":2,"30":1,"37":2,"41":2,"43":2,"45":2,"46":1,"48":1,"49":1,"50":1}},"/home/travis/build/npmtest/node-npmtest-printf/example.js":{"path":"/home/travis/build/npmtest/node-npmtest-printf/example.js","s":{"1":2,"2":2,"3":2,"4":2,"5":2,"6":2,"7":2,"8":1,"9":2,"10":2,"11":2,"12":2,"13":1,"14":2,"15":2,"16":2,"17":2,"18":2,"19":0,"20":2,"21":1,"22":1,"23":1,"24":1,"25":1,"26":0,"27":0,"28":1,"29":1,"30":2,"31":0,"32":0,"33":0,"34":1,"35":2,"36":2,"37":3,"38":3,"39":3,"40":3,"41":0,"42":3,"43":3,"44":3,"45":1,"46":3,"47":1,"48":1,"49":1,"50":1,"51":1,"52":1,"53":1,"54":1,"55":1,"56":1,"57":0,"58":1,"59":6,"60":6,"61":1,"62":2,"63":0,"64":2,"65":1,"66":1,"67":0,"68":0,"69":0,"70":0,"71":0,"72":0,"73":0,"74":0,"75":0,"76":0,"77":0,"78":0,"79":0,"80":0,"81":0,"82":0,"83":0},"b":{"1":[2,1,1,1],"2":[1,1,1,1],"3":[1,1],"4":[2,2],"5":[1,1],"6":[1,1],"7":[2,0],"8":[2,1,1,1,1,1],"9":[0,2,0],"10":[1,1],"11":[2,1,1],"12":[1,0],"13":[0,2],"14":[2,0,0,0,0,0,0],"15":[0,3],"16":[3,0],"17":[1,1],"18":[0,1],"19":[1,2,0,2],"20":[1,0],"21":[1,1],"22":[0,0],"23":[0,0],"24":[0,0],"25":[0,0],"26":[0,0],"27":[0,0],"28":[0,0]},"f":{"1":2,"2":2,"3":2,"4":2,"5":2,"6":2,"7":3,"8":3,"9":3,"10":1,"11":6,"12":0},"fnMap":{"1":{"name":"(anonymous_1)","line":26,"loc":{"start":{"line":26,"column":1},"end":{"line":26,"column":13}}},"2":{"name":"(anonymous_2)","line":33,"loc":{"start":{"line":33,"column":5},"end":{"line":33,"column":17}}},"3":{"name":"(anonymous_3)","line":37,"loc":{"start":{"line":37,"column":24},"end":{"line":37,"column":36}}},"4":{"name":"(anonymous_4)","line":69,"loc":{"start":{"line":69,"column":31},"end":{"line":69,"column":48}},"skip":true},"5":{"name":"(anonymous_5)","line":78,"loc":{"start":{"line":78,"column":26},"end":{"line":78,"column":45}},"skip":true},"6":{"name":"(anonymous_6)","line":123,"loc":{"start":{"line":123,"column":33},"end":{"line":123,"column":48}},"skip":true},"7":{"name":"(anonymous_7)","line":125,"loc":{"start":{"line":125,"column":27},"end":{"line":125,"column":39}},"skip":true},"8":{"name":"(anonymous_8)","line":133,"loc":{"start":{"line":133,"column":59},"end":{"line":133,"column":74}},"skip":true},"9":{"name":"(anonymous_9)","line":143,"loc":{"start":{"line":143,"column":45},"end":{"line":143,"column":62}},"skip":true},"10":{"name":"(anonymous_10)","line":144,"loc":{"start":{"line":144,"column":73},"end":{"line":144,"column":92}},"skip":true},"11":{"name":"(anonymous_11)","line":272,"loc":{"start":{"line":272,"column":51},"end":{"line":272,"column":77}},"skip":true},"12":{"name":"(anonymous_12)","line":315,"loc":{"start":{"line":315,"column":32},"end":{"line":315,"column":61}},"skip":true}},"statementMap":{"1":{"start":{"line":26,"column":0},"end":{"line":326,"column":5}},"2":{"start":{"line":28,"column":4},"end":{"line":28,"column":14}},"3":{"start":{"line":33,"column":4},"end":{"line":60,"column":9}},"4":{"start":{"line":35,"column":8},"end":{"line":35,"column":19}},"5":{"start":{"line":37,"column":8},"end":{"line":49,"column":13}},"6":{"start":{"line":38,"column":12},"end":{"line":48,"column":13}},"7":{"start":{"line":39,"column":16},"end":{"line":42,"column":30}},"8":{"start":{"line":44,"column":16},"end":{"line":47,"column":27}},"9":{"start":{"line":51,"column":8},"end":{"line":53,"column":21}},"10":{"start":{"line":55,"column":8},"end":{"line":57,"column":45}},"11":{"start":{"line":59,"column":8},"end":{"line":59,"column":35}},"12":{"start":{"line":61,"column":4},"end":{"line":325,"column":5}},"13":{"start":{"line":69,"column":8},"end":{"line":121,"column":10},"skip":true},"14":{"start":{"line":70,"column":12},"end":{"line":88,"column":13},"skip":true},"15":{"start":{"line":76,"column":16},"end":{"line":87,"column":19},"skip":true},"16":{"start":{"line":79,"column":20},"end":{"line":86,"column":21},"skip":true},"17":{"start":{"line":82,"column":24},"end":{"line":82,"column":43},"skip":true},"18":{"start":{"line":83,"column":24},"end":{"line":83,"column":30},"skip":true},"19":{"start":{"line":85,"column":24},"end":{"line":85,"column":49},"skip":true},"20":{"start":{"line":89,"column":12},"end":{"line":107,"column":13},"skip":true},"21":{"start":{"line":92,"column":16},"end":{"line":102,"column":17},"skip":true},"22":{"start":{"line":93,"column":20},"end":{"line":93,"column":86},"skip":true},"23":{"start":{"line":94,"column":20},"end":{"line":95,"column":45},"skip":true},"24":{"start":{"line":96,"column":20},"end":{"line":96,"column":42},"skip":true},"25":{"start":{"line":97,"column":20},"end":{"line":97,"column":48},"skip":true},"26":{"start":{"line":100,"column":20},"end":{"line":100,"column":85},"skip":true},"27":{"start":{"line":101,"column":20},"end":{"line":101,"column":96},"skip":true},"28":{"start":{"line":103,"column":16},"end":{"line":103,"column":22},"skip":true},"29":{"start":{"line":106,"column":16},"end":{"line":106,"column":22},"skip":true},"30":{"start":{"line":108,"column":12},"end":{"line":120,"column":13},"skip":true},"31":{"start":{"line":114,"column":16},"end":{"line":119,"column":17},"skip":true},"32":{"start":{"line":116,"column":20},"end":{"line":116,"column":78},"skip":true},"33":{"start":{"line":118,"column":20},"end":{"line":118,"column":47},"skip":true},"34":{"start":{"line":123,"column":8},"end":{"line":141,"column":11},"skip":true},"35":{"start":{"line":124,"column":12},"end":{"line":124,"column":54},"skip":true},"36":{"start":{"line":125,"column":12},"end":{"line":140,"column":14},"skip":true},"37":{"start":{"line":126,"column":16},"end":{"line":126,"column":28},"skip":true},"38":{"start":{"line":127,"column":16},"end":{"line":127,"column":69},"skip":true},"39":{"start":{"line":128,"column":16},"end":{"line":128,"column":75},"skip":true},"40":{"start":{"line":129,"column":16},"end":{"line":131,"column":17},"skip":true},"41":{"start":{"line":130,"column":20},"end":{"line":130,"column":27},"skip":true},"42":{"start":{"line":133,"column":16},"end":{"line":137,"column":36},"skip":true},"43":{"start":{"line":134,"column":20},"end":{"line":136,"column":55},"skip":true},"44":{"start":{"line":139,"column":16},"end":{"line":139,"column":57},"skip":true},"45":{"start":{"line":143,"column":8},"end":{"line":147,"column":11},"skip":true},"46":{"start":{"line":144,"column":12},"end":{"line":146,"column":15},"skip":true},"47":{"start":{"line":145,"column":16},"end":{"line":145,"column":70},"skip":true},"48":{"start":{"line":149,"column":8},"end":{"line":149,"column":31},"skip":true},"49":{"start":{"line":150,"column":8},"end":{"line":150,"column":14},"skip":true},"50":{"start":{"line":158,"column":8},"end":{"line":158,"column":31},"skip":true},"51":{"start":{"line":160,"column":8},"end":{"line":160,"column":33},"skip":true},"52":{"start":{"line":161,"column":8},"end":{"line":161,"column":37},"skip":true},"53":{"start":{"line":162,"column":8},"end":{"line":162,"column":35},"skip":true},"54":{"start":{"line":164,"column":8},"end":{"line":164,"column":50},"skip":true},"55":{"start":{"line":166,"column":8},"end":{"line":256,"column":2},"skip":true},"56":{"start":{"line":258,"column":8},"end":{"line":286,"column":9},"skip":true},"57":{"start":{"line":259,"column":12},"end":{"line":269,"column":14},"skip":true},"58":{"start":{"line":271,"column":12},"end":{"line":285,"column":19},"skip":true},"59":{"start":{"line":274,"column":20},"end":{"line":274,"column":35},"skip":true},"60":{"start":{"line":275,"column":20},"end":{"line":284,"column":21},"skip":true},"61":{"start":{"line":277,"column":24},"end":{"line":277,"column":64},"skip":true},"62":{"start":{"line":279,"column":24},"end":{"line":279,"column":40},"skip":true},"63":{"start":{"line":281,"column":24},"end":{"line":281,"column":40},"skip":true},"64":{"start":{"line":283,"column":24},"end":{"line":283,"column":39},"skip":true},"65":{"start":{"line":288,"column":8},"end":{"line":290,"column":9},"skip":true},"66":{"start":{"line":289,"column":12},"end":{"line":289,"column":18},"skip":true},"67":{"start":{"line":291,"column":8},"end":{"line":293,"column":54},"skip":true},"68":{"start":{"line":296,"column":8},"end":{"line":301,"column":37},"skip":true},"69":{"start":{"line":303,"column":8},"end":{"line":303,"column":82},"skip":true},"70":{"start":{"line":306,"column":8},"end":{"line":308,"column":9},"skip":true},"71":{"start":{"line":307,"column":12},"end":{"line":307,"column":82},"skip":true},"72":{"start":{"line":310,"column":8},"end":{"line":312,"column":9},"skip":true},"73":{"start":{"line":311,"column":12},"end":{"line":311,"column":18},"skip":true},"74":{"start":{"line":313,"column":8},"end":{"line":313,"column":54},"skip":true},"75":{"start":{"line":314,"column":8},"end":{"line":314,"column":69},"skip":true},"76":{"start":{"line":315,"column":8},"end":{"line":323,"column":36},"skip":true},"77":{"start":{"line":316,"column":12},"end":{"line":316,"column":61},"skip":true},"78":{"start":{"line":317,"column":12},"end":{"line":320,"column":13},"skip":true},"79":{"start":{"line":318,"column":16},"end":{"line":318,"column":75},"skip":true},"80":{"start":{"line":319,"column":16},"end":{"line":319,"column":23},"skip":true},"81":{"start":{"line":321,"column":12},"end":{"line":321,"column":38},"skip":true},"82":{"start":{"line":322,"column":12},"end":{"line":322,"column":27},"skip":true},"83":{"start":{"line":324,"column":8},"end":{"line":324,"column":14},"skip":true}},"branchMap":{"1":{"line":39,"type":"binary-expr","locations":[{"start":{"line":39,"column":23},"end":{"line":39,"column":62}},{"start":{"line":40,"column":20},"end":{"line":40,"column":70}},{"start":{"line":41,"column":20},"end":{"line":41,"column":71}},{"start":{"line":42,"column":20},"end":{"line":42,"column":29}}]},"2":{"line":44,"type":"binary-expr","locations":[{"start":{"line":44,"column":23},"end":{"line":44,"column":37}},{"start":{"line":45,"column":20},"end":{"line":45,"column":61}},{"start":{"line":46,"column":20},"end":{"line":46,"column":70}},{"start":{"line":47,"column":20},"end":{"line":47,"column":26}}]},"3":{"line":51,"type":"cond-expr","locations":[{"start":{"line":52,"column":14},"end":{"line":52,"column":20}},{"start":{"line":53,"column":14},"end":{"line":53,"column":20}}]},"4":{"line":55,"type":"binary-expr","locations":[{"start":{"line":55,"column":16},"end":{"line":55,"column":44}},{"start":{"line":55,"column":49},"end":{"line":57,"column":43}}]},"5":{"line":55,"type":"cond-expr","locations":[{"start":{"line":56,"column":14},"end":{"line":56,"column":50}},{"start":{"line":57,"column":14},"end":{"line":57,"column":43}}]},"6":{"line":61,"type":"switch","locations":[{"start":{"line":68,"column":4},"end":{"line":150,"column":14},"skip":true},{"start":{"line":156,"column":4},"end":{"line":324,"column":14},"skip":true}]},"7":{"line":70,"type":"if","locations":[{"start":{"line":70,"column":12},"end":{"line":70,"column":12},"skip":true},{"start":{"line":70,"column":12},"end":{"line":70,"column":12},"skip":true}]},"8":{"line":70,"type":"binary-expr","locations":[{"start":{"line":70,"column":16},"end":{"line":70,"column":22},"skip":true},{"start":{"line":70,"column":27},"end":{"line":70,"column":32},"skip":true},{"start":{"line":71,"column":20},"end":{"line":71,"column":39},"skip":true},{"start":{"line":72,"column":20},"end":{"line":72,"column":49},"skip":true},{"start":{"line":73,"column":20},"end":{"line":73,"column":58},"skip":true},{"start":{"line":74,"column":20},"end":{"line":74,"column":69},"skip":true}]},"9":{"line":79,"type":"switch","locations":[{"start":{"line":80,"column":20},"end":{"line":80,"column":33},"skip":true},{"start":{"line":81,"column":20},"end":{"line":83,"column":30},"skip":true},{"start":{"line":84,"column":20},"end":{"line":85,"column":49},"skip":true}]},"10":{"line":89,"type":"switch","locations":[{"start":{"line":90,"column":12},"end":{"line":103,"column":22},"skip":true},{"start":{"line":105,"column":12},"end":{"line":106,"column":22},"skip":true}]},"11":{"line":89,"type":"binary-expr","locations":[{"start":{"line":89,"column":20},"end":{"line":89,"column":25},"skip":true},{"start":{"line":89,"column":29},"end":{"line":89,"column":48},"skip":true},{"start":{"line":89,"column":52},"end":{"line":89,"column":74},"skip":true}]},"12":{"line":92,"type":"if","locations":[{"start":{"line":92,"column":16},"end":{"line":92,"column":16},"skip":true},{"start":{"line":92,"column":16},"end":{"line":92,"column":16},"skip":true}]},"13":{"line":108,"type":"if","locations":[{"start":{"line":108,"column":12},"end":{"line":108,"column":12},"skip":true},{"start":{"line":108,"column":12},"end":{"line":108,"column":12},"skip":true}]},"14":{"line":108,"type":"binary-expr","locations":[{"start":{"line":108,"column":16},"end":{"line":108,"column":61},"skip":true},{"start":{"line":108,"column":66},"end":{"line":108,"column":72},"skip":true},{"start":{"line":108,"column":77},"end":{"line":108,"column":82},"skip":true},{"start":{"line":109,"column":20},"end":{"line":109,"column":39},"skip":true},{"start":{"line":110,"column":20},"end":{"line":110,"column":49},"skip":true},{"start":{"line":111,"column":20},"end":{"line":111,"column":58},"skip":true},{"start":{"line":112,"column":20},"end":{"line":112,"column":68},"skip":true}]},"15":{"line":129,"type":"if","locations":[{"start":{"line":129,"column":16},"end":{"line":129,"column":16},"skip":true},{"start":{"line":129,"column":16},"end":{"line":129,"column":16},"skip":true}]},"16":{"line":134,"type":"cond-expr","locations":[{"start":{"line":135,"column":26},"end":{"line":135,"column":29},"skip":true},{"start":{"line":136,"column":26},"end":{"line":136,"column":54},"skip":true}]},"17":{"line":164,"type":"binary-expr","locations":[{"start":{"line":164,"column":27},"end":{"line":164,"column":43},"skip":true},{"start":{"line":164,"column":47},"end":{"line":164,"column":49},"skip":true}]},"18":{"line":258,"type":"if","locations":[{"start":{"line":258,"column":8},"end":{"line":258,"column":8},"skip":true},{"start":{"line":258,"column":8},"end":{"line":258,"column":8},"skip":true}]},"19":{"line":275,"type":"switch","locations":[{"start":{"line":276,"column":20},"end":{"line":277,"column":64},"skip":true},{"start":{"line":278,"column":20},"end":{"line":279,"column":40},"skip":true},{"start":{"line":280,"column":20},"end":{"line":281,"column":40},"skip":true},{"start":{"line":282,"column":20},"end":{"line":283,"column":39},"skip":true}]},"20":{"line":288,"type":"if","locations":[{"start":{"line":288,"column":8},"end":{"line":288,"column":8},"skip":true},{"start":{"line":288,"column":8},"end":{"line":288,"column":8},"skip":true}]},"21":{"line":288,"type":"binary-expr","locations":[{"start":{"line":288,"column":12},"end":{"line":288,"column":40},"skip":true},{"start":{"line":288,"column":44},"end":{"line":288,"column":67},"skip":true}]},"22":{"line":292,"type":"binary-expr","locations":[{"start":{"line":292,"column":12},"end":{"line":292,"column":50},"skip":true},{"start":{"line":293,"column":12},"end":{"line":293,"column":53},"skip":true}]},"23":{"line":297,"type":"binary-expr","locations":[{"start":{"line":297,"column":12},"end":{"line":297,"column":64},"skip":true},{"start":{"line":298,"column":12},"end":{"line":301,"column":36},"skip":true}]},"24":{"line":303,"type":"binary-expr","locations":[{"start":{"line":303,"column":43},"end":{"line":303,"column":75},"skip":true},{"start":{"line":303,"column":79},"end":{"line":303,"column":81},"skip":true}]},"25":{"line":306,"type":"if","locations":[{"start":{"line":306,"column":8},"end":{"line":306,"column":8},"skip":true},{"start":{"line":306,"column":8},"end":{"line":306,"column":8},"skip":true}]},"26":{"line":310,"type":"if","locations":[{"start":{"line":310,"column":8},"end":{"line":310,"column":8},"skip":true},{"start":{"line":310,"column":8},"end":{"line":310,"column":8},"skip":true}]},"27":{"line":313,"type":"binary-expr","locations":[{"start":{"line":313,"column":27},"end":{"line":313,"column":43},"skip":true},{"start":{"line":313,"column":47},"end":{"line":313,"column":53},"skip":true}]},"28":{"line":317,"type":"if","locations":[{"start":{"line":317,"column":12},"end":{"line":317,"column":12},"skip":true},{"start":{"line":317,"column":12},"end":{"line":317,"column":12},"skip":true}]}},"code":["/*","example.js","","quickstart example","","instruction","    1. save this script as example.js","    2. run the shell command:","        $ npm install npmtest-printf && PORT=8081 node example.js","    3. play with the browser-demo on http://127.0.0.1:8081","*/","","","","/* istanbul instrument in package npmtest_printf */","/*jslint","    bitwise: true,","    browser: true,","    maxerr: 8,","    maxlen: 96,","    node: true,","    nomen: true,","    regexp: true,","    stupid: true","*/","(function () {","    'use strict';","    var local;","","","","    // run shared js-env code - init-before","    (function () {","        // init local","        local = {};","        // init modeJs","        local.modeJs = (function () {","            try {","                return typeof navigator.userAgent === 'string' &&","                    typeof document.querySelector('body') === 'object' &&","                    typeof XMLHttpRequest.prototype.open === 'function' &&","                    'browser';","            } catch (errorCaughtBrowser) {","                return module.exports &&","                    typeof process.versions.node === 'string' &&","                    typeof require('http').createServer === 'function' &&","                    'node';","            }","        }());","        // init global","        local.global = local.modeJs === 'browser'","            ? window","            : global;","        // init utility2_rollup","        local = local.global.utility2_rollup || (local.modeJs === 'browser'","            ? local.global.utility2_npmtest_printf","            : global.utility2_moduleExports);","        // export local","        local.global.local = local;","    }());","    switch (local.modeJs) {","","","","    // init-after","    // run browser js-env code - init-after","    /* istanbul ignore next */","    case 'browser':","        local.testRunBrowser = function (event) {","            if (!event || (event &&","                    event.currentTarget &&","                    event.currentTarget.className &&","                    event.currentTarget.className.includes &&","                    event.currentTarget.className.includes('onreset'))) {","                // reset output","                Array.from(","                    document.querySelectorAll('body > .resettable')","                ).forEach(function (element) {","                    switch (element.tagName) {","                    case 'INPUT':","                    case 'TEXTAREA':","                        element.value = '';","                        break;","                    default:","                        element.textContent = '';","                    }","                });","            }","            switch (event && event.currentTarget && event.currentTarget.id) {","            case 'testRunButton1':","                // show tests","                if (document.querySelector('#testReportDiv1').style.display === 'none') {","                    document.querySelector('#testReportDiv1').style.display = 'block';","                    document.querySelector('#testRunButton1').textContent =","                        'hide internal test';","                    local.modeTest = true;","                    local.testRunDefault(local);","                // hide tests","                } else {","                    document.querySelector('#testReportDiv1').style.display = 'none';","                    document.querySelector('#testRunButton1').textContent = 'run internal test';","                }","                break;","            // custom-case","            default:","                break;","            }","            if (document.querySelector('#inputTextareaEval1') && (!event || (event &&","                    event.currentTarget &&","                    event.currentTarget.className &&","                    event.currentTarget.className.includes &&","                    event.currentTarget.className.includes('oneval')))) {","                // try to eval input-code","                try {","                    /*jslint evil: true*/","                    eval(document.querySelector('#inputTextareaEval1').value);","                } catch (errorCaught) {","                    console.error(errorCaught);","                }","            }","        };","        // log stderr and stdout to #outputTextareaStdout1","        ['error', 'log'].forEach(function (key) {","            console[key + '_original'] = console[key];","            console[key] = function () {","                var element;","                console[key + '_original'].apply(console, arguments);","                element = document.querySelector('#outputTextareaStdout1');","                if (!element) {","                    return;","                }","                // append text to #outputTextareaStdout1","                element.value += Array.from(arguments).map(function (arg) {","                    return typeof arg === 'string'","                        ? arg","                        : JSON.stringify(arg, null, 4);","                }).join(' ') + '\\n';","                // scroll textarea to bottom","                element.scrollTop = element.scrollHeight;","            };","        });","        // init event-handling","        ['change', 'click', 'keyup'].forEach(function (event) {","            Array.from(document.querySelectorAll('.on' + event)).forEach(function (element) {","                element.addEventListener(event, local.testRunBrowser);","            });","        });","        // run tests","        local.testRunBrowser();","        break;","","","","    // run node js-env code - init-after","    /* istanbul ignore next */","    case 'node':","        // export local","        module.exports = local;","        // require modules","        local.fs = require('fs');","        local.http = require('http');","        local.url = require('url');","        // init assets","        local.assetsDict = local.assetsDict || {};","        /* jslint-ignore-begin */","        local.assetsDict['/assets.index.template.html'] = '\\","<!doctype html>\\n\\","<html lang=\"en\">\\n\\","<head>\\n\\","<meta charset=\"UTF-8\">\\n\\","<meta name=\"viewport\" content=\"width=device-width, initial-scale=1\">\\n\\","<title>{{env.npm_package_name}} (v{{env.npm_package_version}})</title>\\n\\","<style>\\n\\","/*csslint\\n\\","    box-sizing: false,\\n\\","    universal-selector: false\\n\\","*/\\n\\","* {\\n\\","    box-sizing: border-box;\\n\\","}\\n\\","body {\\n\\","    background: #dde;\\n\\","    font-family: Arial, Helvetica, sans-serif;\\n\\","    margin: 2rem;\\n\\","}\\n\\","body > * {\\n\\","    margin-bottom: 1rem;\\n\\","}\\n\\",".utility2FooterDiv {\\n\\","    margin-top: 20px;\\n\\","    text-align: center;\\n\\","}\\n\\","</style>\\n\\","<style>\\n\\","/*csslint\\n\\","*/\\n\\","textarea {\\n\\","    font-family: monospace;\\n\\","    height: 10rem;\\n\\","    width: 100%;\\n\\","}\\n\\","textarea[readonly] {\\n\\","    background: #ddd;\\n\\","}\\n\\","</style>\\n\\","</head>\\n\\","<body>\\n\\","<!-- utility2-comment\\n\\","<div id=\"ajaxProgressDiv1\" style=\"background: #d00; height: 2px; left: 0; margin: 0; padding: 0; position: fixed; top: 0; transition: background 0.5s, width 1.5s; width: 25%;\"></div>\\n\\","utility2-comment -->\\n\\","<h1>\\n\\","<!-- utility2-comment\\n\\","    <a\\n\\","        {{#if env.npm_package_homepage}}\\n\\","        href=\"{{env.npm_package_homepage}}\"\\n\\","        {{/if env.npm_package_homepage}}\\n\\","        target=\"_blank\"\\n\\","    >\\n\\","utility2-comment -->\\n\\","        {{env.npm_package_name}} (v{{env.npm_package_version}})\\n\\","<!-- utility2-comment\\n\\","    </a>\\n\\","utility2-comment -->\\n\\","</h1>\\n\\","<h3>{{env.npm_package_description}}</h3>\\n\\","<!-- utility2-comment\\n\\","<h4><a download href=\"assets.app.js\">download standalone app</a></h4>\\n\\","<button class=\"onclick onreset\" id=\"testRunButton1\">run internal test</button><br>\\n\\","<div id=\"testReportDiv1\" style=\"display: none;\"></div>\\n\\","utility2-comment -->\\n\\","\\n\\","\\n\\","\\n\\","<label>stderr and stdout</label>\\n\\","<textarea class=\"resettable\" id=\"outputTextareaStdout1\" readonly></textarea>\\n\\","<!-- utility2-comment\\n\\","{{#if isRollup}}\\n\\","<script src=\"assets.app.js\"></script>\\n\\","{{#unless isRollup}}\\n\\","utility2-comment -->\\n\\","<script src=\"assets.utility2.rollup.js\"></script>\\n\\","<script src=\"jsonp.utility2._stateInit?callback=window.utility2._stateInit\"></script>\\n\\","<script src=\"assets.npmtest_printf.rollup.js\"></script>\\n\\","<script src=\"assets.example.js\"></script>\\n\\","<script src=\"assets.test.js\"></script>\\n\\","<!-- utility2-comment\\n\\","{{/if isRollup}}\\n\\","utility2-comment -->\\n\\","<div class=\"utility2FooterDiv\">\\n\\","    [ this app was created with\\n\\","    <a href=\"https://github.com/kaizhu256/node-utility2\" target=\"_blank\">utility2</a>\\n\\","    ]\\n\\","</div>\\n\\","</body>\\n\\","</html>\\n\\","';","        /* jslint-ignore-end */","        if (local.templateRender) {","            local.assetsDict['/'] = local.templateRender(","                local.assetsDict['/assets.index.template.html'],","                {","                    env: local.objectSetDefault(local.env, {","                        npm_package_description: 'the greatest app in the world!',","                        npm_package_name: 'my-app',","                        npm_package_nameAlias: 'my_app',","                        npm_package_version: '0.0.1'","                    })","                }","            );","        } else {","            local.assetsDict['/'] = local.assetsDict['/assets.index.template.html']","                .replace((/\\{\\{env\\.(\\w+?)\\}\\}/g), function (match0, match1) {","                    // jslint-hack","                    String(match0);","                    switch (match1) {","                    case 'npm_package_description':","                        return 'the greatest app in the world!';","                    case 'npm_package_name':","                        return 'my-app';","                    case 'npm_package_nameAlias':","                        return 'my_app';","                    case 'npm_package_version':","                        return '0.0.1';","                    }","                });","        }","        // run the cli","        if (local.global.utility2_rollup || module !== require.main) {","            break;","        }","        local.assetsDict['/assets.example.js'] =","            local.assetsDict['/assets.example.js'] ||","            local.fs.readFileSync(__filename, 'utf8');","        // bug-workaround - long $npm_package_buildCustomOrg","        /* jslint-ignore-begin */","        local.assetsDict['/assets.npmtest_printf.rollup.js'] =","            local.assetsDict['/assets.npmtest_printf.rollup.js'] ||","            local.fs.readFileSync(","                local.npmtest_printf.__dirname + '/lib.npmtest_printf.js',","                'utf8'","            ).replace((/^#!/), '//');","        /* jslint-ignore-end */","        local.assetsDict['/favicon.ico'] = local.assetsDict['/favicon.ico'] || '';","        // if $npm_config_timeout_exit exists,","        // then exit this process after $npm_config_timeout_exit ms","        if (Number(process.env.npm_config_timeout_exit)) {","            setTimeout(process.exit, Number(process.env.npm_config_timeout_exit));","        }","        // start server","        if (local.global.utility2_serverHttp1) {","            break;","        }","        process.env.PORT = process.env.PORT || '8081';","        console.error('server starting on port ' + process.env.PORT);","        local.http.createServer(function (request, response) {","            request.urlParsed = local.url.parse(request.url);","            if (local.assetsDict[request.urlParsed.pathname] !== undefined) {","                response.end(local.assetsDict[request.urlParsed.pathname]);","                return;","            }","            response.statusCode = 404;","            response.end();","        }).listen(process.env.PORT);","        break;","    }","}());",""],"l":{"26":2,"28":2,"33":2,"35":2,"37":2,"38":2,"39":2,"44":1,"51":2,"55":2,"59":2,"61":2,"69":1,"70":2,"76":2,"79":2,"82":2,"83":2,"85":1,"89":2,"92":1,"93":1,"94":1,"96":1,"97":1,"100":1,"101":1,"103":1,"106":1,"108":2,"114":1,"116":1,"118":1,"123":1,"124":2,"125":2,"126":3,"127":3,"128":3,"129":3,"130":1,"133":3,"134":3,"139":3,"143":1,"144":3,"145":1,"149":1,"150":1,"158":1,"160":1,"161":1,"162":1,"164":1,"166":1,"258":1,"259":1,"271":1,"274":6,"275":6,"277":1,"279":2,"281":1,"283":2,"288":1,"289":1,"291":1,"296":1,"303":1,"306":1,"307":1,"310":1,"311":1,"313":1,"314":1,"315":1,"316":1,"317":1,"318":1,"319":1,"321":1,"322":1,"324":1}},"/home/travis/build/npmtest/node-npmtest-printf/node_modules/printf/lib/printf.js":{"path":"/home/travis/build/npmtest/node-npmtest-printf/node_modules/printf/lib/printf.js","s":{"1":1,"2":1,"3":0,"4":0,"5":0,"6":0,"7":0,"8":0,"9":0,"10":0,"11":0,"12":0,"13":0,"14":0,"15":0,"16":0,"17":0,"18":0,"19":0,"20":1,"21":0,"22":0,"23":0,"24":1,"25":1,"26":0,"27":0,"28":0,"29":1,"30":0,"31":0,"32":0,"33":0,"34":0,"35":0,"36":1,"37":0,"38":0,"39":0,"40":0,"41":0,"42":0,"43":0,"44":0,"45":0,"46":0,"47":0,"48":0,"49":0,"50":0,"51":0,"52":0,"53":0,"54":0,"55":0,"56":0,"57":0,"58":0,"59":0,"60":0,"61":0,"62":0,"63":0,"64":0,"65":0,"66":0,"67":0,"68":0,"69":0,"70":0,"71":0,"72":0,"73":0,"74":0,"75":0,"76":0,"77":0,"78":0,"79":0,"80":0,"81":0,"82":0,"83":0,"84":0,"85":0,"86":0,"87":0,"88":0,"89":0,"90":0,"91":0,"92":0,"93":0,"94":0,"95":0,"96":0,"97":0,"98":0,"99":0,"100":0,"101":0,"102":0,"103":0,"104":0,"105":0,"106":0,"107":0,"108":0,"109":0,"110":0,"111":0,"112":0,"113":0,"114":0,"115":0,"116":0,"117":0,"118":0,"119":0,"120":0,"121":0,"122":0,"123":0,"124":0,"125":0,"126":0,"127":0,"128":0,"129":0,"130":0,"131":0,"132":0,"133":0,"134":0,"135":0,"136":0,"137":0,"138":0,"139":0,"140":1,"141":1,"142":1,"143":0,"144":0,"145":0,"146":0,"147":0,"148":0,"149":0,"150":0,"151":0,"152":0,"153":0,"154":0,"155":0,"156":0,"157":0,"158":0,"159":0,"160":0,"161":0,"162":0,"163":0,"164":0,"165":0,"166":0,"167":1,"168":0,"169":0,"170":0,"171":0,"172":0,"173":0,"174":0,"175":0,"176":0,"177":0,"178":0,"179":0,"180":0,"181":0,"182":0,"183":0,"184":0,"185":0,"186":0,"187":0,"188":0,"189":0,"190":0,"191":0,"192":0,"193":1,"194":0,"195":0,"196":1,"197":0,"198":0,"199":0,"200":0,"201":0,"202":0,"203":0,"204":0,"205":0,"206":0,"207":0,"208":0,"209":0,"210":0,"211":1,"212":0,"213":0,"214":0,"215":0,"216":0,"217":0,"218":1,"219":0,"220":0,"221":0,"222":0,"223":0,"224":0,"225":0,"226":0,"227":1,"228":0,"229":0,"230":0,"231":0,"232":0,"233":0,"234":0,"235":0,"236":0,"237":1},"b":{"1":[0,0],"2":[0,0],"3":[0,0],"4":[0,0],"5":[0,0],"6":[0,0],"7":[0,0],"8":[0,0],"9":[0,0],"10":[0,0],"11":[0,0],"12":[0,0],"13":[0,0],"14":[0,0],"15":[0,0],"16":[0,0],"17":[0,0],"18":[0,0],"19":[0,0],"20":[0,0],"21":[0,0,0,0,0,0],"22":[0,0],"23":[0,0],"24":[0,0],"25":[0,0],"26":[0,0],"27":[0,0],"28":[0,0],"29":[0,0],"30":[0,0],"31":[0,0],"32":[0,0],"33":[0,0],"34":[0,0],"35":[0,0],"36":[0,0],"37":[0,0],"38":[0,0],"39":[0,0],"40":[0,0],"41":[0,0],"42":[0,0],"43":[0,0],"44":[0,0],"45":[0,0],"46":[0,0],"47":[0,0,0],"48":[0,0],"49":[0,0],"50":[0,0],"51":[0,0],"52":[0,0],"53":[0,0],"54":[0,0],"55":[0,0],"56":[0,0],"57":[0,0],"58":[0,0],"59":[0,0],"60":[0,0,0,0],"61":[0,0],"62":[0,0],"63":[0,0],"64":[0,0],"65":[0,0],"66":[0,0],"67":[0,0],"68":[0,0],"69":[0,0],"70":[0,0],"71":[0,0],"72":[0,0],"73":[0,0],"74":[0,0],"75":[0,0],"76":[0,0],"77":[0,0],"78":[0,0],"79":[0,0],"80":[0,0],"81":[0,0],"82":[0,0],"83":[0,0]},"f":{"1":0,"2":0,"3":0,"4":0,"5":0,"6":0,"7":0,"8":0,"9":0,"10":0,"11":0,"12":0,"13":0},"fnMap":{"1":{"name":"(anonymous_1)","line":4,"loc":{"start":{"line":4,"column":15},"end":{"line":4,"column":102}}},"2":{"name":"(anonymous_2)","line":38,"loc":{"start":{"line":38,"column":16},"end":{"line":38,"column":43}}},"3":{"name":"(anonymous_3)","line":45,"loc":{"start":{"line":45,"column":34},"end":{"line":45,"column":110}}},"4":{"name":"(anonymous_4)","line":88,"loc":{"start":{"line":88,"column":12},"end":{"line":88,"column":27}}},"5":{"name":"(anonymous_5)","line":99,"loc":{"start":{"line":99,"column":17},"end":{"line":99,"column":32}}},"6":{"name":"(anonymous_6)","line":130,"loc":{"start":{"line":130,"column":29},"end":{"line":130,"column":58}}},"7":{"name":"(anonymous_7)","line":293,"loc":{"start":{"line":293,"column":32},"end":{"line":293,"column":48}}},"8":{"name":"(anonymous_8)","line":338,"loc":{"start":{"line":338,"column":35},"end":{"line":338,"column":51}}},"9":{"name":"(anonymous_9)","line":404,"loc":{"start":{"line":404,"column":35},"end":{"line":404,"column":51}}},"10":{"name":"(anonymous_10)","line":409,"loc":{"start":{"line":409,"column":30},"end":{"line":409,"column":62}}},"11":{"name":"(anonymous_11)","line":428,"loc":{"start":{"line":428,"column":31},"end":{"line":428,"column":47}}},"12":{"name":"(anonymous_12)","line":438,"loc":{"start":{"line":438,"column":31},"end":{"line":438,"column":63}}},"13":{"name":"(anonymous_13)","line":452,"loc":{"start":{"line":452,"column":17},"end":{"line":452,"column":27}}}},"statementMap":{"1":{"start":{"line":2,"column":0},"end":{"line":2,"column":27}},"2":{"start":{"line":4,"column":0},"end":{"line":36,"column":2}},"3":{"start":{"line":12,"column":2},"end":{"line":12,"column":18}},"4":{"start":{"line":13,"column":2},"end":{"line":13,"column":36}},"5":{"start":{"line":14,"column":2},"end":{"line":30,"column":3}},"6":{"start":{"line":15,"column":4},"end":{"line":15,"column":67}},"7":{"start":{"line":16,"column":4},"end":{"line":18,"column":5}},"8":{"start":{"line":17,"column":6},"end":{"line":17,"column":27}},"9":{"start":{"line":19,"column":4},"end":{"line":28,"column":5}},"10":{"start":{"line":20,"column":6},"end":{"line":20,"column":84}},"11":{"start":{"line":21,"column":6},"end":{"line":27,"column":7}},"12":{"start":{"line":22,"column":8},"end":{"line":26,"column":9}},"13":{"start":{"line":23,"column":10},"end":{"line":23,"column":27}},"14":{"start":{"line":25,"column":10},"end":{"line":25,"column":30}},"15":{"start":{"line":29,"column":4},"end":{"line":29,"column":29}},"16":{"start":{"line":31,"column":2},"end":{"line":31,"column":33}},"17":{"start":{"line":32,"column":2},"end":{"line":34,"column":3}},"18":{"start":{"line":33,"column":4},"end":{"line":33,"column":25}},"19":{"start":{"line":35,"column":2},"end":{"line":35,"column":16}},"20":{"start":{"line":38,"column":0},"end":{"line":42,"column":2}},"21":{"start":{"line":39,"column":2},"end":{"line":39,"column":23}},"22":{"start":{"line":40,"column":2},"end":{"line":40,"column":24}},"23":{"start":{"line":41,"column":2},"end":{"line":41,"column":68}},"24":{"start":{"line":44,"column":0},"end":{"line":44,"column":126}},"25":{"start":{"line":45,"column":0},"end":{"line":58,"column":2}},"26":{"start":{"line":46,"column":2},"end":{"line":48,"column":3}},"27":{"start":{"line":47,"column":4},"end":{"line":47,"column":24}},"28":{"start":{"line":49,"column":2},"end":{"line":57,"column":4}},"29":{"start":{"line":59,"column":0},"end":{"line":129,"column":2}},"30":{"start":{"line":89,"column":6},"end":{"line":95,"column":7}},"31":{"start":{"line":90,"column":8},"end":{"line":90,"column":38}},"32":{"start":{"line":91,"column":8},"end":{"line":93,"column":9}},"33":{"start":{"line":92,"column":10},"end":{"line":92,"column":75}},"34":{"start":{"line":94,"column":8},"end":{"line":94,"column":69}},"35":{"start":{"line":100,"column":6},"end":{"line":100,"column":68}},"36":{"start":{"line":130,"column":0},"end":{"line":290,"column":2}},"37":{"start":{"line":131,"column":2},"end":{"line":133,"column":3}},"38":{"start":{"line":132,"column":4},"end":{"line":132,"column":49}},"39":{"start":{"line":135,"column":2},"end":{"line":135,"column":15}},"40":{"start":{"line":136,"column":2},"end":{"line":136,"column":19}},"41":{"start":{"line":137,"column":2},"end":{"line":287,"column":3}},"42":{"start":{"line":138,"column":4},"end":{"line":138,"column":28}},"43":{"start":{"line":140,"column":4},"end":{"line":286,"column":5}},"44":{"start":{"line":141,"column":6},"end":{"line":141,"column":19}},"45":{"start":{"line":143,"column":6},"end":{"line":165,"column":7}},"46":{"start":{"line":145,"column":8},"end":{"line":145,"column":46}},"47":{"start":{"line":146,"column":8},"end":{"line":146,"column":27}},"48":{"start":{"line":147,"column":8},"end":{"line":152,"column":9}},"49":{"start":{"line":148,"column":10},"end":{"line":148,"column":35}},"50":{"start":{"line":149,"column":10},"end":{"line":151,"column":11}},"51":{"start":{"line":150,"column":12},"end":{"line":150,"column":17}},"52":{"start":{"line":153,"column":8},"end":{"line":155,"column":9}},"53":{"start":{"line":154,"column":10},"end":{"line":154,"column":58}},"54":{"start":{"line":156,"column":8},"end":{"line":156,"column":26}},"55":{"start":{"line":158,"column":8},"end":{"line":160,"column":9}},"56":{"start":{"line":159,"column":10},"end":{"line":159,"column":52}},"57":{"start":{"line":161,"column":8},"end":{"line":163,"column":9}},"58":{"start":{"line":162,"column":10},"end":{"line":162,"column":118}},"59":{"start":{"line":164,"column":8},"end":{"line":164,"column":42}},"60":{"start":{"line":167,"column":6},"end":{"line":230,"column":7}},"61":{"start":{"line":168,"column":8},"end":{"line":168,"column":30}},"62":{"start":{"line":169,"column":8},"end":{"line":169,"column":24}},"63":{"start":{"line":170,"column":8},"end":{"line":170,"column":30}},"64":{"start":{"line":171,"column":8},"end":{"line":171,"column":35}},"65":{"start":{"line":172,"column":8},"end":{"line":172,"column":34}},"66":{"start":{"line":174,"column":8},"end":{"line":174,"column":23}},"67":{"start":{"line":175,"column":8},"end":{"line":198,"column":9}},"68":{"start":{"line":176,"column":10},"end":{"line":176,"column":44}},"69":{"start":{"line":177,"column":10},"end":{"line":177,"column":29}},"70":{"start":{"line":178,"column":10},"end":{"line":197,"column":11}},"71":{"start":{"line":180,"column":14},"end":{"line":180,"column":31}},"72":{"start":{"line":181,"column":14},"end":{"line":181,"column":20}},"73":{"start":{"line":183,"column":14},"end":{"line":183,"column":31}},"74":{"start":{"line":184,"column":14},"end":{"line":184,"column":20}},"75":{"start":{"line":186,"column":14},"end":{"line":186,"column":58}},"76":{"start":{"line":187,"column":14},"end":{"line":187,"column":20}},"77":{"start":{"line":189,"column":14},"end":{"line":189,"column":40}},"78":{"start":{"line":190,"column":14},"end":{"line":190,"column":36}},"79":{"start":{"line":191,"column":14},"end":{"line":191,"column":20}},"80":{"start":{"line":193,"column":14},"end":{"line":193,"column":39}},"81":{"start":{"line":194,"column":14},"end":{"line":194,"column":20}},"82":{"start":{"line":196,"column":14},"end":{"line":196,"column":84}},"83":{"start":{"line":200,"column":8},"end":{"line":200,"column":75}},"84":{"start":{"line":201,"column":8},"end":{"line":201,"column":28}},"85":{"start":{"line":202,"column":8},"end":{"line":202,"column":30}},"86":{"start":{"line":203,"column":8},"end":{"line":203,"column":33}},"87":{"start":{"line":204,"column":8},"end":{"line":204,"column":28}},"88":{"start":{"line":205,"column":8},"end":{"line":205,"column":31}},"89":{"start":{"line":206,"column":8},"end":{"line":206,"column":31}},"90":{"start":{"line":207,"column":8},"end":{"line":207,"column":28}},"91":{"start":{"line":208,"column":8},"end":{"line":214,"column":9}},"92":{"start":{"line":209,"column":10},"end":{"line":213,"column":11}},"93":{"start":{"line":210,"column":12},"end":{"line":210,"column":57}},"94":{"start":{"line":212,"column":12},"end":{"line":212,"column":32}},"95":{"start":{"line":216,"column":8},"end":{"line":216,"column":55}},"96":{"start":{"line":217,"column":8},"end":{"line":219,"column":9}},"97":{"start":{"line":218,"column":10},"end":{"line":218,"column":78}},"98":{"start":{"line":220,"column":8},"end":{"line":226,"column":9}},"99":{"start":{"line":221,"column":10},"end":{"line":221,"column":50}},"100":{"start":{"line":222,"column":10},"end":{"line":224,"column":11}},"101":{"start":{"line":223,"column":12},"end":{"line":223,"column":29}},"102":{"start":{"line":225,"column":10},"end":{"line":225,"column":31}},"103":{"start":{"line":227,"column":8},"end":{"line":229,"column":9}},"104":{"start":{"line":228,"column":10},"end":{"line":228,"column":31}},"105":{"start":{"line":232,"column":6},"end":{"line":234,"column":7}},"106":{"start":{"line":233,"column":8},"end":{"line":233,"column":28}},"107":{"start":{"line":236,"column":6},"end":{"line":238,"column":7}},"108":{"start":{"line":237,"column":8},"end":{"line":237,"column":33}},"109":{"start":{"line":240,"column":6},"end":{"line":253,"column":7}},"110":{"start":{"line":241,"column":8},"end":{"line":243,"column":9}},"111":{"start":{"line":242,"column":10},"end":{"line":242,"column":69}},"112":{"start":{"line":244,"column":8},"end":{"line":244,"column":57}},"113":{"start":{"line":245,"column":8},"end":{"line":247,"column":9}},"114":{"start":{"line":246,"column":10},"end":{"line":246,"column":118}},"115":{"start":{"line":249,"column":8},"end":{"line":252,"column":9}},"116":{"start":{"line":250,"column":10},"end":{"line":250,"column":36}},"117":{"start":{"line":251,"column":10},"end":{"line":251,"column":43}},"118":{"start":{"line":255,"column":6},"end":{"line":268,"column":7}},"119":{"start":{"line":256,"column":8},"end":{"line":258,"column":9}},"120":{"start":{"line":257,"column":10},"end":{"line":257,"column":73}},"121":{"start":{"line":259,"column":8},"end":{"line":259,"column":58}},"122":{"start":{"line":260,"column":8},"end":{"line":262,"column":9}},"123":{"start":{"line":261,"column":10},"end":{"line":261,"column":118}},"124":{"start":{"line":264,"column":8},"end":{"line":267,"column":9}},"125":{"start":{"line":265,"column":10},"end":{"line":265,"column":30}},"126":{"start":{"line":266,"column":10},"end":{"line":266,"column":28}},"127":{"start":{"line":269,"column":6},"end":{"line":282,"column":7}},"128":{"start":{"line":271,"column":8},"end":{"line":273,"column":9}},"129":{"start":{"line":272,"column":10},"end":{"line":272,"column":32}},"130":{"start":{"line":274,"column":8},"end":{"line":274,"column":30}},"131":{"start":{"line":275,"column":12},"end":{"line":282,"column":7}},"132":{"start":{"line":276,"column":8},"end":{"line":278,"column":9}},"133":{"start":{"line":277,"column":10},"end":{"line":277,"column":30}},"134":{"start":{"line":279,"column":8},"end":{"line":279,"column":33}},"135":{"start":{"line":280,"column":12},"end":{"line":282,"column":7}},"136":{"start":{"line":281,"column":8},"end":{"line":281,"column":33}},"137":{"start":{"line":283,"column":6},"end":{"line":283,"column":27}},"138":{"start":{"line":285,"column":6},"end":{"line":285,"column":28}},"139":{"start":{"line":289,"column":2},"end":{"line":289,"column":13}},"140":{"start":{"line":291,"column":0},"end":{"line":291,"column":44}},"141":{"start":{"line":292,"column":0},"end":{"line":292,"column":45}},"142":{"start":{"line":293,"column":0},"end":{"line":337,"column":2}},"143":{"start":{"line":294,"column":2},"end":{"line":294,"column":30}},"144":{"start":{"line":295,"column":2},"end":{"line":302,"column":3}},"145":{"start":{"line":297,"column":4},"end":{"line":299,"column":5}},"146":{"start":{"line":298,"column":6},"end":{"line":298,"column":102}},"147":{"start":{"line":301,"column":4},"end":{"line":301,"column":10}},"148":{"start":{"line":306,"column":2},"end":{"line":308,"column":3}},"149":{"start":{"line":307,"column":4},"end":{"line":307,"column":27}},"150":{"start":{"line":310,"column":2},"end":{"line":325,"column":3}},"151":{"start":{"line":311,"column":4},"end":{"line":311,"column":43}},"152":{"start":{"line":312,"column":4},"end":{"line":312,"column":24}},"153":{"start":{"line":313,"column":4},"end":{"line":313,"column":32}},"154":{"start":{"line":315,"column":4},"end":{"line":315,"column":39}},"155":{"start":{"line":317,"column":4},"end":{"line":321,"column":5}},"156":{"start":{"line":318,"column":6},"end":{"line":318,"column":21}},"157":{"start":{"line":320,"column":6},"end":{"line":320,"column":26}},"158":{"start":{"line":322,"column":4},"end":{"line":324,"column":5}},"159":{"start":{"line":323,"column":6},"end":{"line":323,"column":41}},"160":{"start":{"line":326,"column":2},"end":{"line":331,"column":3}},"161":{"start":{"line":327,"column":4},"end":{"line":329,"column":5}},"162":{"start":{"line":328,"column":6},"end":{"line":328,"column":35}},"163":{"start":{"line":330,"column":4},"end":{"line":330,"column":82}},"164":{"start":{"line":332,"column":2},"end":{"line":336,"column":3}},"165":{"start":{"line":333,"column":4},"end":{"line":335,"column":5}},"166":{"start":{"line":334,"column":6},"end":{"line":334,"column":34}},"167":{"start":{"line":338,"column":0},"end":{"line":403,"column":2}},"168":{"start":{"line":339,"column":2},"end":{"line":339,"column":32}},"169":{"start":{"line":340,"column":2},"end":{"line":351,"column":3}},"170":{"start":{"line":342,"column":4},"end":{"line":344,"column":5}},"171":{"start":{"line":343,"column":6},"end":{"line":343,"column":101}},"172":{"start":{"line":350,"column":4},"end":{"line":350,"column":10}},"173":{"start":{"line":353,"column":2},"end":{"line":384,"column":3}},"174":{"start":{"line":355,"column":6},"end":{"line":355,"column":51}},"175":{"start":{"line":356,"column":6},"end":{"line":356,"column":12}},"176":{"start":{"line":359,"column":6},"end":{"line":359,"column":45}},"177":{"start":{"line":360,"column":6},"end":{"line":360,"column":12}},"178":{"start":{"line":366,"column":6},"end":{"line":371,"column":7}},"179":{"start":{"line":368,"column":8},"end":{"line":368,"column":97}},"180":{"start":{"line":370,"column":8},"end":{"line":370,"column":51}},"181":{"start":{"line":375,"column":6},"end":{"line":380,"column":7}},"182":{"start":{"line":377,"column":8},"end":{"line":377,"column":62}},"183":{"start":{"line":379,"column":8},"end":{"line":379,"column":71}},"184":{"start":{"line":381,"column":6},"end":{"line":381,"column":12}},"185":{"start":{"line":383,"column":13},"end":{"line":383,"column":92}},"186":{"start":{"line":390,"column":2},"end":{"line":390,"column":82}},"187":{"start":{"line":393,"column":2},"end":{"line":396,"column":3}},"188":{"start":{"line":394,"column":4},"end":{"line":394,"column":51}},"189":{"start":{"line":395,"column":4},"end":{"line":395,"column":52}},"190":{"start":{"line":398,"column":2},"end":{"line":400,"column":3}},"191":{"start":{"line":399,"column":4},"end":{"line":399,"column":39}},"192":{"start":{"line":402,"column":2},"end":{"line":402,"column":80}},"193":{"start":{"line":404,"column":0},"end":{"line":408,"column":2}},"194":{"start":{"line":406,"column":2},"end":{"line":406,"column":66}},"195":{"start":{"line":407,"column":2},"end":{"line":407,"column":69}},"196":{"start":{"line":409,"column":0},"end":{"line":427,"column":2}},"197":{"start":{"line":410,"column":2},"end":{"line":410,"column":62}},"198":{"start":{"line":411,"column":2},"end":{"line":411,"column":23}},"199":{"start":{"line":412,"column":2},"end":{"line":414,"column":3}},"200":{"start":{"line":413,"column":4},"end":{"line":413,"column":31}},"201":{"start":{"line":415,"column":2},"end":{"line":418,"column":3}},"202":{"start":{"line":416,"column":4},"end":{"line":416,"column":20}},"203":{"start":{"line":417,"column":4},"end":{"line":417,"column":36}},"204":{"start":{"line":420,"column":2},"end":{"line":420,"column":28}},"205":{"start":{"line":421,"column":2},"end":{"line":423,"column":3}},"206":{"start":{"line":422,"column":4},"end":{"line":422,"column":93}},"207":{"start":{"line":424,"column":2},"end":{"line":424,"column":38}},"208":{"start":{"line":425,"column":2},"end":{"line":425,"column":127}},"209":{"start":{"line":426,"column":2},"end":{"line":426,"column":44}},"210":{"start":{"line":426,"column":16},"end":{"line":426,"column":44}},"211":{"start":{"line":428,"column":0},"end":{"line":437,"column":2}},"212":{"start":{"line":429,"column":2},"end":{"line":431,"column":3}},"213":{"start":{"line":430,"column":4},"end":{"line":430,"column":50}},"214":{"start":{"line":432,"column":2},"end":{"line":435,"column":3}},"215":{"start":{"line":433,"column":4},"end":{"line":433,"column":40}},"216":{"start":{"line":434,"column":4},"end":{"line":434,"column":11}},"217":{"start":{"line":436,"column":2},"end":{"line":436,"column":23}},"218":{"start":{"line":438,"column":0},"end":{"line":449,"column":2}},"219":{"start":{"line":439,"column":2},"end":{"line":439,"column":61}},"220":{"start":{"line":440,"column":2},"end":{"line":442,"column":3}},"221":{"start":{"line":441,"column":4},"end":{"line":441,"column":31}},"222":{"start":{"line":443,"column":2},"end":{"line":443,"column":28}},"223":{"start":{"line":444,"column":2},"end":{"line":446,"column":3}},"224":{"start":{"line":445,"column":4},"end":{"line":445,"column":95}},"225":{"start":{"line":447,"column":2},"end":{"line":447,"column":38}},"226":{"start":{"line":448,"column":2},"end":{"line":448,"column":129}},"227":{"start":{"line":452,"column":0},"end":{"line":466,"column":2}},"228":{"start":{"line":453,"column":2},"end":{"line":454,"column":19}},"229":{"start":{"line":455,"column":2},"end":{"line":457,"column":3}},"230":{"start":{"line":456,"column":4},"end":{"line":456,"column":26}},"231":{"start":{"line":458,"column":2},"end":{"line":458,"column":24}},"232":{"start":{"line":459,"column":2},"end":{"line":459,"column":40}},"233":{"start":{"line":460,"column":2},"end":{"line":460,"column":55}},"234":{"start":{"line":461,"column":2},"end":{"line":465,"column":3}},"235":{"start":{"line":462,"column":4},"end":{"line":462,"column":25}},"236":{"start":{"line":464,"column":4},"end":{"line":464,"column":18}},"237":{"start":{"line":468,"column":0},"end":{"line":468,"column":37}}},"branchMap":{"1":{"line":16,"type":"if","locations":[{"start":{"line":16,"column":4},"end":{"line":16,"column":4}},{"start":{"line":16,"column":4},"end":{"line":16,"column":4}}]},"2":{"line":19,"type":"if","locations":[{"start":{"line":19,"column":4},"end":{"line":19,"column":4}},{"start":{"line":19,"column":4},"end":{"line":19,"column":4}}]},"3":{"line":21,"type":"if","locations":[{"start":{"line":21,"column":6},"end":{"line":21,"column":6}},{"start":{"line":21,"column":6},"end":{"line":21,"column":6}}]},"4":{"line":22,"type":"if","locations":[{"start":{"line":22,"column":8},"end":{"line":22,"column":8}},{"start":{"line":22,"column":8},"end":{"line":22,"column":8}}]},"5":{"line":32,"type":"if","locations":[{"start":{"line":32,"column":2},"end":{"line":32,"column":2}},{"start":{"line":32,"column":2},"end":{"line":32,"column":2}}]},"6":{"line":46,"type":"if","locations":[{"start":{"line":46,"column":2},"end":{"line":46,"column":2}},{"start":{"line":46,"column":2},"end":{"line":46,"column":2}}]},"7":{"line":89,"type":"if","locations":[{"start":{"line":89,"column":6},"end":{"line":89,"column":6}},{"start":{"line":89,"column":6},"end":{"line":89,"column":6}}]},"8":{"line":91,"type":"if","locations":[{"start":{"line":91,"column":8},"end":{"line":91,"column":8}},{"start":{"line":91,"column":8},"end":{"line":91,"column":8}}]},"9":{"line":91,"type":"binary-expr","locations":[{"start":{"line":91,"column":11},"end":{"line":91,"column":18}},{"start":{"line":91,"column":22},"end":{"line":91,"column":31}}]},"10":{"line":94,"type":"cond-expr","locations":[{"start":{"line":94,"column":33},"end":{"line":94,"column":41}},{"start":{"line":94,"column":44},"end":{"line":94,"column":68}}]},"11":{"line":100,"type":"cond-expr","locations":[{"start":{"line":100,"column":47},"end":{"line":100,"column":62}},{"start":{"line":100,"column":65},"end":{"line":100,"column":67}}]},"12":{"line":131,"type":"if","locations":[{"start":{"line":131,"column":2},"end":{"line":131,"column":2}},{"start":{"line":131,"column":2},"end":{"line":131,"column":2}}]},"13":{"line":131,"type":"binary-expr","locations":[{"start":{"line":131,"column":5},"end":{"line":131,"column":17}},{"start":{"line":131,"column":21},"end":{"line":131,"column":46}}]},"14":{"line":140,"type":"if","locations":[{"start":{"line":140,"column":4},"end":{"line":140,"column":4}},{"start":{"line":140,"column":4},"end":{"line":140,"column":4}}]},"15":{"line":143,"type":"if","locations":[{"start":{"line":143,"column":6},"end":{"line":143,"column":6}},{"start":{"line":143,"column":6},"end":{"line":143,"column":6}}]},"16":{"line":149,"type":"if","locations":[{"start":{"line":149,"column":10},"end":{"line":149,"column":10}},{"start":{"line":149,"column":10},"end":{"line":149,"column":10}}]},"17":{"line":153,"type":"if","locations":[{"start":{"line":153,"column":8},"end":{"line":153,"column":8}},{"start":{"line":153,"column":8},"end":{"line":153,"column":8}}]},"18":{"line":158,"type":"if","locations":[{"start":{"line":158,"column":8},"end":{"line":158,"column":8}},{"start":{"line":158,"column":8},"end":{"line":158,"column":8}}]},"19":{"line":161,"type":"if","locations":[{"start":{"line":161,"column":8},"end":{"line":161,"column":8}},{"start":{"line":161,"column":8},"end":{"line":161,"column":8}}]},"20":{"line":167,"type":"if","locations":[{"start":{"line":167,"column":6},"end":{"line":167,"column":6}},{"start":{"line":167,"column":6},"end":{"line":167,"column":6}}]},"21":{"line":178,"type":"switch","locations":[{"start":{"line":179,"column":12},"end":{"line":181,"column":20}},{"start":{"line":182,"column":12},"end":{"line":184,"column":20}},{"start":{"line":185,"column":12},"end":{"line":187,"column":20}},{"start":{"line":188,"column":12},"end":{"line":191,"column":20}},{"start":{"line":192,"column":12},"end":{"line":194,"column":20}},{"start":{"line":195,"column":12},"end":{"line":196,"column":84}}]},"22":{"line":186,"type":"cond-expr","locations":[{"start":{"line":186,"column":45},"end":{"line":186,"column":50}},{"start":{"line":186,"column":53},"end":{"line":186,"column":57}}]},"23":{"line":200,"type":"cond-expr","locations":[{"start":{"line":200,"column":45},"end":{"line":200,"column":70}},{"start":{"line":200,"column":73},"end":{"line":200,"column":74}}]},"24":{"line":208,"type":"if","locations":[{"start":{"line":208,"column":8},"end":{"line":208,"column":8}},{"start":{"line":208,"column":8},"end":{"line":208,"column":8}}]},"25":{"line":209,"type":"if","locations":[{"start":{"line":209,"column":10},"end":{"line":209,"column":10}},{"start":{"line":209,"column":10},"end":{"line":209,"column":10}}]},"26":{"line":217,"type":"if","locations":[{"start":{"line":217,"column":8},"end":{"line":217,"column":8}},{"start":{"line":217,"column":8},"end":{"line":217,"column":8}}]},"27":{"line":220,"type":"if","locations":[{"start":{"line":220,"column":8},"end":{"line":220,"column":8}},{"start":{"line":220,"column":8},"end":{"line":220,"column":8}}]},"28":{"line":232,"type":"if","locations":[{"start":{"line":232,"column":6},"end":{"line":232,"column":6}},{"start":{"line":232,"column":6},"end":{"line":232,"column":6}}]},"29":{"line":236,"type":"if","locations":[{"start":{"line":236,"column":6},"end":{"line":236,"column":6}},{"start":{"line":236,"column":6},"end":{"line":236,"column":6}}]},"30":{"line":240,"type":"if","locations":[{"start":{"line":240,"column":6},"end":{"line":240,"column":6}},{"start":{"line":240,"column":6},"end":{"line":240,"column":6}}]},"31":{"line":241,"type":"if","locations":[{"start":{"line":241,"column":8},"end":{"line":241,"column":8}},{"start":{"line":241,"column":8},"end":{"line":241,"column":8}}]},"32":{"line":245,"type":"if","locations":[{"start":{"line":245,"column":8},"end":{"line":245,"column":8}},{"start":{"line":245,"column":8},"end":{"line":245,"column":8}}]},"33":{"line":249,"type":"if","locations":[{"start":{"line":249,"column":8},"end":{"line":249,"column":8}},{"start":{"line":249,"column":8},"end":{"line":249,"column":8}}]},"34":{"line":255,"type":"if","locations":[{"start":{"line":255,"column":6},"end":{"line":255,"column":6}},{"start":{"line":255,"column":6},"end":{"line":255,"column":6}}]},"35":{"line":255,"type":"binary-expr","locations":[{"start":{"line":255,"column":9},"end":{"line":255,"column":32}},{"start":{"line":255,"column":36},"end":{"line":255,"column":55}}]},"36":{"line":256,"type":"if","locations":[{"start":{"line":256,"column":8},"end":{"line":256,"column":8}},{"start":{"line":256,"column":8},"end":{"line":256,"column":8}}]},"37":{"line":260,"type":"if","locations":[{"start":{"line":260,"column":8},"end":{"line":260,"column":8}},{"start":{"line":260,"column":8},"end":{"line":260,"column":8}}]},"38":{"line":264,"type":"if","locations":[{"start":{"line":264,"column":8},"end":{"line":264,"column":8}},{"start":{"line":264,"column":8},"end":{"line":264,"column":8}}]},"39":{"line":269,"type":"if","locations":[{"start":{"line":269,"column":6},"end":{"line":269,"column":6}},{"start":{"line":269,"column":6},"end":{"line":269,"column":6}}]},"40":{"line":271,"type":"if","locations":[{"start":{"line":271,"column":8},"end":{"line":271,"column":8}},{"start":{"line":271,"column":8},"end":{"line":271,"column":8}}]},"41":{"line":275,"type":"if","locations":[{"start":{"line":275,"column":12},"end":{"line":275,"column":12}},{"start":{"line":275,"column":12},"end":{"line":275,"column":12}}]},"42":{"line":276,"type":"if","locations":[{"start":{"line":276,"column":8},"end":{"line":276,"column":8}},{"start":{"line":276,"column":8},"end":{"line":276,"column":8}}]},"43":{"line":280,"type":"if","locations":[{"start":{"line":280,"column":12},"end":{"line":280,"column":12}},{"start":{"line":280,"column":12},"end":{"line":280,"column":12}}]},"44":{"line":295,"type":"if","locations":[{"start":{"line":295,"column":2},"end":{"line":295,"column":2}},{"start":{"line":295,"column":2},"end":{"line":295,"column":2}}]},"45":{"line":297,"type":"if","locations":[{"start":{"line":297,"column":4},"end":{"line":297,"column":4}},{"start":{"line":297,"column":4},"end":{"line":297,"column":4}}]},"46":{"line":306,"type":"if","locations":[{"start":{"line":306,"column":2},"end":{"line":306,"column":2}},{"start":{"line":306,"column":2},"end":{"line":306,"column":2}}]},"47":{"line":306,"type":"binary-expr","locations":[{"start":{"line":306,"column":5},"end":{"line":306,"column":10}},{"start":{"line":306,"column":15},"end":{"line":306,"column":31}},{"start":{"line":306,"column":35},"end":{"line":306,"column":51}}]},"48":{"line":310,"type":"if","locations":[{"start":{"line":310,"column":2},"end":{"line":310,"column":2}},{"start":{"line":310,"column":2},"end":{"line":310,"column":2}}]},"49":{"line":317,"type":"if","locations":[{"start":{"line":317,"column":4},"end":{"line":317,"column":4}},{"start":{"line":317,"column":4},"end":{"line":317,"column":4}}]},"50":{"line":317,"type":"binary-expr","locations":[{"start":{"line":317,"column":7},"end":{"line":31
[...]
:398,"column":11}},{"start":{"line":398,"column":15},"end":{"line":398,"column":25}}]},"67":{"line":402,"type":"cond-expr","locations":[{"start":{"line":402,"column":30},"end":{"line":402,"column":53}},{"start":{"line":402,"column":56},"end":{"line":402,"column":79}}]},"68":{"line":406,"type":"cond-expr","locations":[{"start":{"line":406,"column":43},"end":{"line":406,"column":58}},{"start":{"line":406,"column":61},"end":{"line":406,"column":65}}]},"69":{"line":410,"type":"cond-expr","locations":[{"start":{"line":410,"column":37},"end":{"line":410,"column":43}},{"start":{"line":410,"column":46},"end":{"line":410,"column":61}}]},"70":{"line":412,"type":"if","locations":[{"start":{"line":412,"column":2},"end":{"line":412,"column":2}},{"start":{"line":412,"column":2},"end":{"line":412,"column":2}}]},"71":{"line":415,"type":"if","locations":[{"start":{"line":415,"column":2},"end":{"line":415,"column":2}},{"start":{"line":415,"column":2},"end":{"line":415,"column":2}}]},"72":{"line":422,"type":"cond-expr","locations":[{"start":{"line":422,"column":39},"end":{"line":422,"column":64}},{"start":{"line":422,"column":67},"end":{"line":422,"column":92}}]},"73":{"line":425,"type":"cond-expr","locations":[{"start":{"line":425,"column":37},"end":{"line":425,"column":80}},{"start":{"line":425,"column":83},"end":{"line":425,"column":126}}]},"74":{"line":426,"type":"if","locations":[{"start":{"line":426,"column":2},"end":{"line":426,"column":2}},{"start":{"line":426,"column":2},"end":{"line":426,"column":2}}]},"75":{"line":429,"type":"if","locations":[{"start":{"line":429,"column":2},"end":{"line":429,"column":2}},{"start":{"line":429,"column":2},"end":{"line":429,"column":2}}]},"76":{"line":429,"type":"binary-expr","locations":[{"start":{"line":429,"column":5},"end":{"line":429,"column":24}},{"start":{"line":429,"column":28},"end":{"line":429,"column":61}}]},"77":{"line":432,"type":"if","locations":[{"start":{"line":432,"column":2},"end":{"line":432,"column":2}},{"start":{"line":432,"column":2},"end":{"line":432,"column":2}}]},"78":{"line":439,"type":"cond-expr","locations":[{"start":{"line":439,"column":37},"end":{"line":439,"column":43}},{"start":{"line":439,"column":46},"end":{"line":439,"column":60}}]},"79":{"line":440,"type":"if","locations":[{"start":{"line":440,"column":2},"end":{"line":440,"column":2}},{"start":{"line":440,"column":2},"end":{"line":440,"column":2}}]},"80":{"line":445,"type":"cond-expr","locations":[{"start":{"line":445,"column":39},"end":{"line":445,"column":65}},{"start":{"line":445,"column":68},"end":{"line":445,"column":94}}]},"81":{"line":448,"type":"cond-expr","locations":[{"start":{"line":448,"column":37},"end":{"line":448,"column":81}},{"start":{"line":448,"column":84},"end":{"line":448,"column":128}}]},"82":{"line":455,"type":"if","locations":[{"start":{"line":455,"column":2},"end":{"line":455,"column":2}},{"start":{"line":455,"column":2},"end":{"line":455,"column":2}}]},"83":{"line":461,"type":"if","locations":[{"start":{"line":461,"column":2},"end":{"line":461,"column":2}},{"start":{"line":461,"column":2},"end":{"line":461,"column":2}}]}},"code":["","var util = require('util');","","var tokenize = function(/*String*/ str, /*RegExp*/ re, /*Function?*/ parseDelim, /*Object?*/ instance){","  // summary:","  //    Split a string by a regular expression with the ability to capture the delimeters","  // parseDelim:","  //    Each group (excluding the 0 group) is passed as a parameter. If the function returns","  //    a value, it's added to the list of tokens.","  // instance:","  //    Used as the \"this' instance when calling parseDelim","  var tokens = [];","  var match, content, lastIndex = 0;","  while((match = re.exec(str))){","    content = str.slice(lastIndex, re.lastIndex - match[0].length);","    if(content.length){","      tokens.push(content);","    }","    if(parseDelim){","      var parsed = parseDelim.apply(instance, match.slice(1).concat(tokens.length));","      if(typeof parsed != 'undefined'){","        if(parsed.specifier === '%'){","          tokens.push('%');","        }else{","          tokens.push(parsed);","        }","      }","    }","    lastIndex = re.lastIndex;","  }","  content = str.slice(lastIndex);","  if(content.length){","    tokens.push(content);","  }","  return tokens;","};","","var Formatter = function(/*String*/ format){","  this._mapped = false;","  this._format = format;","  this._tokens = tokenize(format, this._re, this._parseDelim, this);","};","","Formatter.prototype._re = /\\%(?:\\(([\\w_.]+)\\)|([1-9]\\d*)\\$)?([0 +\\-\\#]*)(\\*|\\d+)?(\\.)?(\\*|\\d+)?[hlL]?([\\%bscdeEfFgGioOuxX])/g;","Formatter.prototype._parseDelim = function(mapping, intmapping, flags, minWidth, period, precision, specifier){","  if(mapping){","    this._mapped = true;","  }","  return {","    mapping: mapping,","    intmapping: intmapping,","    flags: flags,","    _minWidth: minWidth, // May be dependent on parameters","    period: period,","    _precision: precision, // May be dependent on parameters","    specifier: specifier","  };","};","Formatter.prototype._specifiers = {","  b: {","    base: 2,","    isInt: true","  },","  o: {","    base: 8,","    isInt: true","  },","  x: {","    base: 16,","    isInt: true","  },","  X: {","    extend: ['x'],","    toUpper: true","  },","  d: {","    base: 10,","    isInt: true","  },","  i: {","    extend: ['d']","  },","  u: {","    extend: ['d'],","    isUnsigned: true","  },","  c: {","    setArg: function(token){","      if(!isNaN(token.arg)){","        var num = parseInt(token.arg);","        if(num < 0 || num > 127){","          throw new Error('invalid character code passed to %c in printf');","        }","        token.arg = isNaN(num) ? '' + num : String.fromCharCode(num);","      }","    }","  },","  s: {","    setMaxWidth: function(token){","      token.maxWidth = (token.period == '.') ? token.precision : -1;","    }","  },","  e: {","    isDouble: true,","    doubleNotation: 'e'","  },","  E: {","    extend: ['e'],","    toUpper: true","  },","  f: {","    isDouble: true,","    doubleNotation: 'f'","  },","  F: {","    extend: ['f']","  },","  g: {","    isDouble: true,","    doubleNotation: 'g'","  },","  G: {","    extend: ['g'],","    toUpper: true","  },","  O: {","    isObject: true","  }","};","Formatter.prototype.format = function(/*mixed...*/ filler){","  if(this._mapped && typeof filler != 'object'){","    throw new Error('format requires a mapping');","  }","","  var str = '';","  var position = 0;","  for(var i = 0, token; i < this._tokens.length; i++){","    token = this._tokens[i];","","    if(typeof token == 'string'){","      str += token;","    }else{","      if(this._mapped){","        // Identify value of property defined in `token.mapping`","        var tokens = token.mapping.split('.');","        var value = filler;","        for (var j = 0, c = tokens.length; j < c; j++) {","          value = value[tokens[j]];","          if (typeof value === 'undefined') {","            break","          }","        }","        if(typeof value == 'undefined'){","          throw new Error('missing key ' + token.mapping);","        }","        token.arg = value;","      }else{","        if(token.intmapping){","          position = parseInt(token.intmapping) - 1;","        }","        if(position >= arguments.length){","          throw new Error('got ' + arguments.length + ' printf arguments, insufficient for \\'' + this._format + '\\'');","        }","        token.arg = arguments[position++];","      }","","      if(!token.compiled){","        token.compiled = true;","        token.sign = '';","        token.zeroPad = false;","        token.rightJustify = false;","        token.alternative = false;","","        var flags = {};","        for(var fi = token.flags.length; fi--;){","          var flag = token.flags.charAt(fi);","          flags[flag] = true;","          switch(flag){","            case ' ':","              token.sign = ' ';","              break;","            case '+':","              token.sign = '+';","              break;","            case '0':","              token.zeroPad = (flags['-']) ? false : true;","              break;","            case '-':","              token.rightJustify = true;","              token.zeroPad = false;","              break;","            case '#':","              token.alternative = true;","              break;","            default:","              throw Error('bad formatting flag \\'' + token.flags.charAt(fi) + '\\'');","          }","        }","","        token.minWidth = (token._minWidth) ? parseInt(token._minWidth) : 0;","        token.maxWidth = -1;","        token.toUpper = false;","        token.isUnsigned = false;","        token.isInt = false;","        token.isDouble = false;","        token.isObject = false;","        token.precision = 1;","        if(token.period == '.'){","          if(token._precision){","            token.precision = parseInt(token._precision);","          }else{","            token.precision = 0;","          }","        }","","        var mixins = this._specifiers[token.specifier];","        if(typeof mixins == 'undefined'){","          throw new Error('unexpected specifier \\'' + token.specifier + '\\'');","        }","        if(mixins.extend){","          var s = this._specifiers[mixins.extend];","          for(var k in s){","            mixins[k] = s[k];","          }","          delete mixins.extend;","        }","        for(var l in mixins){","          token[l] = mixins[l];","        }","      }","","      if(typeof token.setArg == 'function'){","        token.setArg(token);","      }","","      if(typeof token.setMaxWidth == 'function'){","        token.setMaxWidth(token);","      }","","      if(token._minWidth == '*'){","        if(this._mapped){","          throw new Error('* width not supported in mapped formats');","        }","        token.minWidth = parseInt(arguments[position++]);","        if(isNaN(token.minWidth)){","          throw new Error('the argument for * width at position ' + position + ' is not a number in ' + this._format);","        }","        // negative width means rightJustify","        if (token.minWidth < 0) {","          token.rightJustify = true;","          token.minWidth = -token.minWidth;","        }","      }","","      if(token._precision == '*' && token.period == '.'){","        if(this._mapped){","          throw new Error('* precision not supported in mapped formats');","        }","        token.precision = parseInt(arguments[position++]);","        if(isNaN(token.precision)){","          throw Error('the argument for * precision at position ' + position + ' is not a number in ' + this._format);","        }","        // negative precision means unspecified","        if (token.precision < 0) {","          token.precision = 1;","          token.period = '';","        }","      }","      if(token.isInt){","        // a specified precision means no zero padding","        if(token.period == '.'){","          token.zeroPad = false;","        }","        this.formatInt(token);","      }else if(token.isDouble){","        if(token.period != '.'){","          token.precision = 6;","        }","        this.formatDouble(token);","      }else if(token.isObject){","        this.formatObject(token);","      }","      this.fitField(token);","","      str += '' + token.arg;","    }","  }","","  return str;","};","Formatter.prototype._zeros10 = '0000000000';","Formatter.prototype._spaces10 = '          ';","Formatter.prototype.formatInt = function(token) {","  var i = parseInt(token.arg);","  if(!isFinite(i)){ // isNaN(f) || f == Number.POSITIVE_INFINITY || f == Number.NEGATIVE_INFINITY)","    // allow this only if arg is number","    if(typeof token.arg != 'number'){","      throw new Error('format argument \\'' + token.arg + '\\' not an integer; parseInt returned ' + i);","    }","    //return '' + i;","    i = 0;","  }","","  // if not base 10, make negatives be positive","  // otherwise, (-10).toString(16) is '-a' instead of 'fffffff6'","  if(i < 0 && (token.isUnsigned || token.base != 10)){","    i = 0xffffffff + i + 1;","  }","","  if(i < 0){","    token.arg = (- i).toString(token.base);","    this.zeroPad(token);","    token.arg = '-' + token.arg;","  }else{","    token.arg = i.toString(token.base);","    // need to make sure that argument 0 with precision==0 is formatted as ''","    if(!i && !token.precision){","      token.arg = '';","    }else{","      this.zeroPad(token);","    }","    if(token.sign){","      token.arg = token.sign + token.arg;","    }","  }","  if(token.base == 16){","    if(token.alternative){","      token.arg = '0x' + token.arg;","    }","    token.arg = token.toUpper ? token.arg.toUpperCase() : token.arg.toLowerCase();","  }","  if(token.base == 8){","    if(token.alternative && token.arg.charAt(0) != '0'){","      token.arg = '0' + token.arg;","    }","  }","};","Formatter.prototype.formatDouble = function(token) {","  var f = parseFloat(token.arg);","  if(!isFinite(f)){ // isNaN(f) || f == Number.POSITIVE_INFINITY || f == Number.NEGATIVE_INFINITY)","    // allow this only if arg is number","    if(typeof token.arg != 'number'){","      throw new Error('format argument \\'' + token.arg + '\\' not a float; parseFloat returned ' + f);","    }","    // C99 says that for 'f':","    //   infinity -> '[-]inf' or '[-]infinity' ('[-]INF' or '[-]INFINITY' for 'F')","    //   NaN -> a string  starting with 'nan' ('NAN' for 'F')","    // this is not commonly implemented though.","    //return '' + f;","    f = 0;","  }","","  switch(token.doubleNotation) {","    case 'e': {","      token.arg = f.toExponential(token.precision);","      break;","    }","    case 'f': {","      token.arg = f.toFixed(token.precision);","      break;","    }","    case 'g': {","      // C says use 'e' notation if exponent is < -4 or is >= prec","      // ECMAScript for toPrecision says use exponential notation if exponent is >= prec,","      // though step 17 of toPrecision indicates a test for < -6 to force exponential.","      if(Math.abs(f) < 0.0001){","        //print('forcing exponential notation for f=' + f);","        token.arg = f.toExponential(token.precision > 0 ? token.precision - 1 : token.precision);","      }else{","        token.arg = f.toPrecision(token.precision);","      }","","      // In C, unlike 'f', 'gG' removes trailing 0s from fractional part, unless alternative format flag ('#').","      // But ECMAScript formats toPrecision as 0.00100000. So remove trailing 0s.","      if(!token.alternative){","        //print('replacing trailing 0 in \\'' + s + '\\'');","        token.arg = token.arg.replace(/(\\..*[^0])0*e/, '$1e');","        // if fractional part is entirely 0, remove it and decimal point","        token.arg = token.arg.replace(/\\.0*e/, 'e').replace(/\\.0$/,'');","      }","      break;","    }","    default: throw new Error('unexpected double notation \\'' + token.doubleNotation + '\\'');","  }","","  // C says that exponent must have at least two digits.","  // But ECMAScript does not; toExponential results in things like '1.000000e-8' and '1.000000e+8'.","  // Note that s.replace(/e([\\+\\-])(\\d)/, 'e$10$2') won't work because of the '$10' instead of '$1'.","  // And replace(re, func) isn't supported on IE50 or Safari1.","  token.arg = token.arg.replace(/e\\+(\\d)$/, 'e+0$1').replace(/e\\-(\\d)$/, 'e-0$1');","","  // if alt, ensure a decimal point","  if(token.alternative){","    token.arg = token.arg.replace(/^(\\d+)$/,'$1.');","    token.arg = token.arg.replace(/^(\\d+)e/,'$1.e');","  }","","  if(f >= 0 && token.sign){","    token.arg = token.sign + token.arg;","  }","","  token.arg = token.toUpper ? token.arg.toUpperCase() : token.arg.toLowerCase();","};","Formatter.prototype.formatObject = function(token) {","  // If no precision is specified, then reset it to null (infinite depth).","  var precision = (token.period === '.') ? token.precision : null;","  token.arg = util.inspect(token.arg, !token.alternative, precision);","};","Formatter.prototype.zeroPad = function(token, /*Int*/ length) {","  length = (arguments.length == 2) ? length : token.precision;","  var negative = false;","  if(typeof token.arg != \"string\"){","    token.arg = \"\" + token.arg;","  }","  if (token.arg.substr(0,1) === '-') {","    negative = true;","    token.arg = token.arg.substr(1);","  }","","  var tenless = length - 10;","  while(token.arg.length < tenless){","    token.arg = (token.rightJustify) ? token.arg + this._zeros10 : this._zeros10 + token.arg;","  }","  var pad = length - token.arg.length;","  token.arg = (token.rightJustify) ? token.arg + this._zeros10.substring(0, pad) : this._zeros10.substring(0, pad) + token.arg;","  if (negative) token.arg = '-' + token.arg;","};","Formatter.prototype.fitField = function(token) {","  if(token.maxWidth >= 0 && token.arg.length > token.maxWidth){","    return token.arg.substring(0, token.maxWidth);","  }","  if(token.zeroPad){","    this.zeroPad(token, token.minWidth);","    return;","  }","  this.spacePad(token);","};","Formatter.prototype.spacePad = function(token, /*Int*/ length) {","  length = (arguments.length == 2) ? length : token.minWidth;","  if(typeof token.arg != 'string'){","    token.arg = '' + token.arg;","  }","  var tenless = length - 10;","  while(token.arg.length < tenless){","    token.arg = (token.rightJustify) ? token.arg + this._spaces10 : this._spaces10 + token.arg;","  }","  var pad = length - token.arg.length;","  token.arg = (token.rightJustify) ? token.arg + this._spaces10.substring(0, pad) : this._spaces10.substring(0, pad) + token.arg;","};","","","module.exports = function(){","  var args = Array.prototype.slice.call(arguments),","    stream, format;","  if(args[0] instanceof require('stream').Stream){","    stream = args.shift();","  }","  format = args.shift();","  var formatter = new Formatter(format);","  var string = formatter.format.apply(formatter, args);","  if(stream){","    stream.write(string);","  }else{","    return string;","  }","};","","module.exports.Formatter = Formatter;",""],"l":{"2":1,"4":1,"12":0,"13":0,"14":0,"15":0,"16":0,"17":0,"19":0,"20":0,"21":0,"22":0,"23":0,"25":0,"29":0,"31":0,"32":0,"33":0,"35":0,"38":1,"39":0,"40":0,"41":0,"44":1,"45":1,"46":0,"47":0,"49":0,"59":1,"89":0,"90":0,"91":0,"92":0,"94":0,"100":0,"130":1,"131":0,"132":0,"135":0,"136":0,"137":0,"138":0,"140":0,"141":0,"143":0,"145":0,"146":0,"147":0,"148":0,"149":0,"150":0,"153":0,"154":0,"156":0,"158":0,"159":0,"161":0,"162":0,"164":0,"167":0,"168":0,"169":0,"170":0,"171":0,"172":0,"174":0,"175":0,"176":0,"177":0,"178":0,"180":0,"181":0,"183":0,"184":0,"186":0,"187":0,"189":0,"190":0,"191":0,"193":0,"194":0,"196":0,"200":0,"201":0,"202":0,"203":0,"204":0,"205":0,"206":0,"207":0,"208":0,"209":0,"210":0,"212":0,"216":0,"217":0,"218":0,"220":0,"221":0,"222":0,"223":0,"225":0,"227":0,"228":0,"232":0,"233":0,"236":0,"237":0,"240":0,"241":0,"242":0,"244":0,"245":0,"246":0,"249":0,"250":0,"251":0,"255":0,"256":0,"257":0,"259":0,"260":0,"261":0,"264":0,"265":0,"266":0,"269":0,"271":0,"272":0,"274":0,"275":0,"276":0,"277":0,"279":0,"280":0,"281":0,"283":0,"285":0,"289":0,"291":1,"292":1,"293":1,"294":0,"295":0,"297":0,"298":0,"301":0,"306":0,"307":0,"310":0,"311":0,"312":0,"313":0,"315":0,"317":0,"318":0,"320":0,"322":0,"323":0,"326":0,"327":0,"328":0,"330":0,"332":0,"333":0,"334":0,"338":1,"339":0,"340":0,"342":0,"343":0,"350":0,"353":0,"355":0,"356":0,"359":0,"360":0,"366":0,"368":0,"370":0,"375":0,"377":0,"379":0,"381":0,"383":0,"390":0,"393":0,"394":0,"395":0,"398":0,"399":0,"402":0,"404":1,"406":0,"407":0,"409":1,"410":0,"411":0,"412":0,"413":0,"415":0,"416":0,"417":0,"420":0,"421":0,"422":0,"424":0,"425":0,"426":0,"428":1,"429":0,"430":0,"432":0,"433":0,"434":0,"436":0,"438":1,"439":0,"440":0,"441":0,"443":0,"444":0,"445":0,"447":0,"448":0,"452":1,"453":0,"455":0,"456":0,"458":0,"459":0,"460":0,"461":0,"462":0,"464":0,"468":1}}}